
. clear 

. import delimited using "./output/measures/input_2020-03-01.csv"
(15 vars, 1,000 obs)

. 
. tab ethnicity, m

  ethnicity |      Freq.     Percent        Cum.
------------+-----------------------------------
          1 |        211       21.10       21.10
          2 |        197       19.70       40.80
          3 |        206       20.60       61.40
          4 |        193       19.30       80.70
          5 |        193       19.30      100.00
------------+-----------------------------------
      Total |      1,000      100.00

. 
. log close
      name:  <unnamed>
       log:  /workspace/logs/check.log
  log type:  text
 closed on:   1 Mar 2022, 14:30:19
-------------------------------------------------------------------------------
