
. cap mkdir ./output/graphs

. cap mkdir ./output/tempdata

. cap mkdir ./output/tables

. 
. import delimited using ./output/survival/input_survival_pre.csv, clear
(39 vars, 1,000 obs)

. * First preparing dataset
. * Drop variables that make up COPD hospitalisation as not required
. drop copd_exacerbation_hospital copd_hospital lrti_hospital copd_any eth ethn
> icity_sus

. 
. * Assume deregistered on 1st of month
. gen dereg_dateA = date(dereg_date, "YM")
(950 missing values generated)

. format %dD/N/CY dereg_dateA

. drop dereg_date

. 
. * Format dates
. local a "mi_primary_admission stroke_primary_admission heart_failure_primary_
> admission vte_primary_admission t1dm_admission_primary t2dm_admission_primary
>  dm_keto_admission_primary asthma_exacerbation depression_primary_admission a
> nxiety_primary_admission smi_primary_admission self_harm_primary_admission cv
> d_admission_date dm_admission copd_hospitalisation_date mh_admission" 

. local b "mi__admit_date stroke_admit_date hf_admit_date vte_admit_date t1dm_a
> dmit_date t2dm_admit_date dm_keto_admit_date asthma_admit_date depress_admit_
> date anx_admit_date smi_admit_date sh_admit_date cvd_admit_date dm_admit_date
>  copd_admit_date mh_admit_date" 

. forvalues i=1/16 {
  2.     local c: word `i' of `a'
  3.     local d: word `i' of `b' 
  4.     count if `c'!=""   
  5.     gen `d'=date(`c', "YMD")
  6.     format %dD/N/CY `d'
  7.     drop `c'
  8.     }
  21
(979 missing values generated)
  33
(967 missing values generated)
  26
(974 missing values generated)
  28
(972 missing values generated)
  19
(981 missing values generated)
  26
(974 missing values generated)
  29
(971 missing values generated)
  27
(973 missing values generated)
  27
(973 missing values generated)
  23
(977 missing values generated)
  24
(976 missing values generated)
  22
(978 missing values generated)
  101
(899 missing values generated)
  72
(928 missing values generated)
  87
(913 missing values generated)
  94
(906 missing values generated)

. * Define index date
. gen index_date = date("01/03/2018", "DMY")

. * Define end of follow-up
. gen end_study = date("22/03/2020", "DMY")

. format %dD/N/CY index_date end_study

. egen end_date = rowmin(dereg_dateA end_study)

. format %dD/N/CY end_date

. 
. * Reorder ethnicity - white, asian, black, mixed, other
. *re-order ethnicity
.  gen eth5=1 if ethnicity==1
(790 missing values generated)

.  replace eth5=2 if ethnicity==3
(210 real changes made)

.  replace eth5=3 if ethnicity==4
(183 real changes made)

.  replace eth5=4 if ethnicity==2
(195 real changes made)

.  replace eth5=5 if ethnicity==5
(202 real changes made)

.  replace eth5=. if ethnicity==.
(0 real changes made)

. 
.  label define eth5                      1 "White"                            
>            ///
>                                                         2 "South Asian"      
>                    ///                                             
>                                                         3 "Black"            
>                            ///
>                                                         4 "Mixed"            
>                            ///
>                                                         5 "Other"            
>                            

.                                         
. 
. label values eth5 eth5

. safetab eth5, m
5

       eth5 |      Freq.     Percent        Cum.
------------+-----------------------------------
      White |        210       21.00       21.00
South Asian |        210       21.00       42.00
      Black |        183       18.30       60.30
      Mixed |        195       19.50       79.80
      Other |        202       20.20      100.00
------------+-----------------------------------
      Total |      1,000      100.00

. 
. * Make gender numeric
. gen male = 1 if sex == "M"
(512 missing values generated)

. replace male = 0 if sex == "F"
(501 real changes made)

. label define male 0"Female" 1"Male"

. label values male male

. safetab male, miss
5

       male |      Freq.     Percent        Cum.
------------+-----------------------------------
     Female |        501       50.10       50.10
       Male |        488       48.80       98.90
          . |         11        1.10      100.00
------------+-----------------------------------
      Total |      1,000      100.00

. drop sex

. 
. * Make region numeric
. generate region2=.
(1,000 missing values generated)

. replace region2=0 if region=="East"
(0 real changes made)

. replace region2=1 if region=="East Midlands"
(94 real changes made)

. replace region2=2 if region=="London"
(211 real changes made)

. replace region2=3 if region=="North East"
(109 real changes made)

. replace region2=4 if region=="North West"
(117 real changes made)

. replace region2=5 if region=="South East"
(181 real changes made)

. replace region2=6 if region=="South West"
(0 real changes made)

. replace region2=7 if region=="West Midlands"
(97 real changes made)

. replace region2=8 if region=="Yorkshire and The Humber"
(0 real changes made)

. drop region

. rename region2 region

. label var region "region of England"

. label define region 0 "East" 1 "East Midlands"  2 "London" 3 "North East" 4 "
> North West" 5 "South East" 6 "South West" 7 "West Midlands" 8 "Yorkshire and 
> The Humber"

. label values region region

. safetab region, miss
7

       region of England |      Freq.     Percent        Cum.
-------------------------+-----------------------------------
           East Midlands |         94        9.40        9.40
                  London |        211       21.10       30.50
              North East |        109       10.90       41.40
              North West |        117       11.70       53.10
              South East |        181       18.10       71.20
           West Midlands |         97        9.70       80.90
                       . |        191       19.10      100.00
-------------------------+-----------------------------------
                   Total |      1,000      100.00

. 
. *create a 4 category rural urban variable 
. generate urban_rural_5=.
(1,000 missing values generated)

. la var urban_rural_5 "Rural Urban in five categories"

. replace urban_rural_5=1 if urban_rural==1
(112 real changes made)

. replace urban_rural_5=2 if urban_rural==2
(94 real changes made)

. replace urban_rural_5=3 if urban_rural==3|urban_rural==4
(200 real changes made)

. replace urban_rural_5=4 if urban_rural==5|urban_rural==6
(204 real changes made)

. replace urban_rural_5=5 if urban_rural==7|urban_rural==8
(390 real changes made)

. label define urban_rural_5 1 "Urban major conurbation" 2 "Urban minor conurba
> tion" 3 "Urban city and town" 4 "Rural town and fringe" 5 "Rural village and 
> dispersed"

. label values urban_rural_5 urban_rural_5

. safetab urban_rural_5, miss
14

        Rural Urban in five |
                 categories |      Freq.     Percent        Cum.
----------------------------+-----------------------------------
    Urban major conurbation |        112       11.20       11.20
    Urban minor conurbation |         94        9.40       20.60
        Urban city and town |        200       20.00       40.60
      Rural town and fringe |        204       20.40       61.00
Rural village and dispersed |        390       39.00      100.00
----------------------------+-----------------------------------
                      Total |      1,000      100.00

. 
. *generate a binary rural urban (with missing assigned to urban)
. generate urban_rural_bin=.
(1,000 missing values generated)

. replace urban_rural_bin=1 if urban_rural<=4|urban_rural==.
(406 real changes made)

. replace urban_rural_bin=0 if urban_rural>4 & urban_rural!=.
(594 real changes made)

. label define urban_rural_bin 0 "Rural" 1 "Urban"

. label values urban_rural_bin urban_rural_bin

. safetab urban_rural_bin urban_rural, miss
28

urban_rura |                      urban_rural
     l_bin |         1          2          3          4          5 |     Total
-----------+-------------------------------------------------------+----------
     Rural |         0          0          0          0         96 |       594 
     Urban |       112         94         93        107          0 |       406 
-----------+-------------------------------------------------------+----------
     Total |       112         94         93        107         96 |     1,000 


urban_rura |           urban_rural
     l_bin |         6          7          8 |     Total
-----------+---------------------------------+----------
     Rural |       108        202        188 |       594 
     Urban |         0          0          0 |       406 
-----------+---------------------------------+----------
     Total |       108        202        188 |     1,000 

. label var urban_rural_bin "Rural-Urban"

. 
. * Define age categories
. * Create age categories
. egen age_cat = cut(age), at(18, 40, 60, 80, 120) icodes
(215 missing values generated)

. label define age 0 "18 - 40 years" 1 "41 - 60 years" 2 "61 - 80 years" 3 ">80
>  years"

. label values age_cat age

. safetab age_cat, miss
8

      age_cat |      Freq.     Percent        Cum.
--------------+-----------------------------------
18 - 40 years |        301       30.10       30.10
41 - 60 years |        236       23.60       53.70
61 - 80 years |        200       20.00       73.70
    >80 years |         48        4.80       78.50
            . |        215       21.50      100.00
--------------+-----------------------------------
        Total |      1,000      100.00

. 
. * open file to write results to
. file open tablecontent using ./output/tables/cox_models.txt, write text repla
> ce
(note: file ./output/tables/cox_models.txt not found)

. file write tablecontent ("Association between ethnicity and outcomes pre-pand
> emic") _n

. file write tablecontent _tab ("Denominator") _tab ("Event") _tab ("Total pers
> on-weeks") _tab ("Rate per 1,000") _tab ("Crude") _tab _tab ("Age/Sex Adjuste
> d") _tab _tab ("Fully Adjusted") _tab _tab  _n

. file write tablecontent _tab _tab _tab _tab _tab   ("HR") _tab ("95% CI") _ta
> b ("HR") _tab ("95% CI") _tab ("HR") _tab ("95% CI") _tab _tab  _n

. 
. foreach sub in cvd dm copd mh {
  2.     * Cox model for each outcome category
.     * Generate flags and end dates for each outcome
.     gen `sub'_admit=(`sub'_admit_date!=.)
  3.     tab `sub'_admit
  4.     count if `sub'_admit_date==.
  5.     gen `sub'_end = end_date
  6.     replace `sub'_end = `sub'_admit_date if `sub'_admit==1
  7. 
.     stset `sub'_end, fail(`sub'_admit) id(patient_id) enter(index_date) origi
> n(index_date) scale(365.25) 
  8.     * Kaplan-Meier plot
.     sts graph, by(eth5)
  9.     graph export ./output/graphs/km_`sub'_eth.svg, as(svg) replace
 10.     * Cox model - crude
.     stcox i.eth5
 11.     estimates save "./output/tempdata/crude_`sub'_eth", replace 
 12.     eststo model1
 13.     parmest, label eform format(estimate p lb ub) saving("./output/tempdat
> a/surv_crude_`sub'_eth16", replace) idstr("crude_`sub'_eth") 
 14.     estat phtest
 15.     * Cox model - age and gender adjusted
.     stcox i.eth5 i.age_cat i.male
 16.     estimates save "./output/tempdata/model1_`sub'_eth", replace 
 17.     eststo model2
 18.     parmest, label eform format(estimate p lb ub) saving("./output/tempdat
> a/surv_model1_`sub'_eth", replace) idstr("model1_`sub'_eth") 
 19.     * Cox model - fully adjusted
.     stcox i.eth5 i.age_cat i.male i.urban_rural_bin i.imd i.shielded
 20.     estimates save "./output/tempdata/model2_`sub'_eth", replace 
 21.     eststo model3
 22.     parmest, label eform format(estimate p lb ub) saving("./output/tempdat
> a/surv_model2_`sub'_eth", replace) idstr("model2_`sub'_eth") 
 23.     esttab model1 model2 model3 using "./output/tables/estout_table_eth_.t
> xt", b(a2) ci(2) label wide compress eform ///
>         title ("`sub'") ///
>         varlabels(`e(labels)') ///
>         stats(N_sub) ///
>         append 
 24.     eststo clear
 25.    * Write results to table
.     * Column headings 
.     file write tablecontent ("`sub'") _n
 26. 
.     * eth16 labelled columns
. 
.     local lab1: label eth5 1
 27.     local lab2: label eth5 2
 28.     local lab3: label eth5 3
 29.     local lab4: label eth5 4
 30.     local lab5: label eth5 5
 31.     /* counts */
.     
.     * First row, eth16 = 1 (White British) reference cat
.     qui safecount if eth5==1
 32.     local denominator = r(N)
 33.     qui safecount if eth5 == 1 & `sub'_admit == 1
 34.     local event = r(N)
 35.     bysort eth5: egen total_follow_up = total(_t)
 36.     qui su total_follow_up if eth5 == 1
 37.     local person_week = r(mean)/7
 38.     local rate = 1000*(`event'/`person_week')
 39.     
.     file write tablecontent  ("`lab1'") _tab (`denominator') _tab (`event') _
> tab %10.0f (`person_week') _tab %3.2f (`rate') _tab
 40.     file write tablecontent ("1.00") _tab _tab ("1.00") _tab _tab ("1.00")
>   _tab _tab ("1.00") _tab _tab ("1.00") _n
 41.     
.     * Subsequent ethnic groups
.     forvalues eth=2/5 {
 42.         qui safecount if eth5==`eth'
 43.         local denominator = r(N)
 44.         qui safecount if eth5 == `eth' & `sub'_admit == 1
 45.         local event = r(N)
 46.         qui su total_follow_up if eth5 == `eth'
 47.         local person_week = r(mean)/7
 48.         local rate = 1000*(`event'/`person_week')
 49.         file write tablecontent  ("`lab`eth''") _tab (`denominator') _tab 
> (`event') _tab %10.0f (`person_week') _tab %3.2f (`rate') _tab  
 50.         cap estimates use "./output/tempdata/crude_`sub'_eth" 
 51.         cap lincom `eth'.eth5, eform
 52.         file write tablecontent  %4.2f (r(estimate)) _tab ("(") %4.2f (r(l
> b)) (" - ") %4.2f (r(ub)) (")") _tab 
 53.         cap estimates clear
 54.         cap estimates use "./output/tempdata/model1_`sub'_eth" 
 55.         cap lincom `eth'.eth5, eform
 56.         file write tablecontent  %4.2f (r(estimate)) _tab ("(") %4.2f (r(l
> b)) (" - ") %4.2f (r(ub)) (")") _tab 
 57.         cap estimates clear
 58.         cap estimates use "./output/tempdata/model2_`sub'_eth" 
 59.         cap lincom `eth'.eth5, eform
 60.         file write tablecontent  %4.2f (r(estimate)) _tab ("(") %4.2f (r(l
> b)) (" - ") %4.2f (r(ub)) (")") _tab _n
 61.         cap estimates clear
 62.     }  //end ethnic group
 63. drop total_follow_up
 64. 
. } //end outcomes

  cvd_admit |      Freq.     Percent        Cum.
------------+-----------------------------------
          0 |        899       89.90       89.90
          1 |        101       10.10      100.00
------------+-----------------------------------
      Total |      1,000      100.00
  899
(101 real changes made)

                id:  patient_id
     failure event:  cvd_admit != 0 & cvd_admit < .
obs. time interval:  (cvd_end[_n-1], cvd_end]
 enter on or after:  time index_date
 exit on or before:  failure
    t for analysis:  (time-origin)/365.25
            origin:  time index_date

------------------------------------------------------------------------------
      1,000  total observations
          0  exclusions
------------------------------------------------------------------------------
      1,000  observations remaining, representing
      1,000  subjects
        101  failures in single-failure-per-subject data
  1,954.103  total analysis time at risk and under observation
                                                at risk from t =         0
                                     earliest observed entry t =         0
                                          last observed exit t =  2.058864

         failure _d:  cvd_admit
   analysis time _t:  (cvd_end-origin)/365.25
             origin:  time index_date
  enter on or after:  time index_date
                 id:  patient_id
(note: file ./output/graphs/km_cvd_eth.svg not found)
(file ./output/graphs/km_cvd_eth.svg written in SVG format)

         failure _d:  cvd_admit
   analysis time _t:  (cvd_end-origin)/365.25
             origin:  time index_date
  enter on or after:  time index_date
                 id:  patient_id

Iteration 0:   log likelihood = -692.45484
Iteration 1:   log likelihood = -691.56931
Iteration 2:   log likelihood = -691.56334
Iteration 3:   log likelihood = -691.56334
Refining estimates:
Iteration 0:   log likelihood = -691.56334

Cox regression -- Breslow method for ties

No. of subjects =        1,000                  Number of obs    =       1,000
No. of failures =          101
Time at risk    =  1954.102669
                                                LR chi2(4)       =        1.78
Log likelihood  =   -691.56334                  Prob > chi2      =      0.7756

------------------------------------------------------------------------------
          _t | Haz. Ratio   Std. Err.      z    P>|z|     [95% Conf. Interval]
-------------+----------------------------------------------------------------
        eth5 |
South Asian  |   1.006178   .3264476     0.02   0.985     .5327314    1.900384
      Black  |   1.154015   .3744129     0.44   0.659     .6110045    2.179608
      Mixed  |   1.070107   .3471895     0.21   0.835     .5665784     2.02113
      Other  |   1.412572   .4299252     1.13   0.256     .7779326    2.564951
------------------------------------------------------------------------------
(note: file ./output/tempdata/crude_cvd_eth.ster not found)
file ./output/tempdata/crude_cvd_eth.ster saved
(note: file ./output/tempdata/surv_crude_cvd_eth16.dta not found)
file ./output/tempdata/surv_crude_cvd_eth16.dta saved

      Test of proportional-hazards assumption

      Time:  Time
      ----------------------------------------------------------------
                  |                      chi2       df       Prob>chi2
      ------------+---------------------------------------------------
      global test |                      6.15        4         0.1885
      ----------------------------------------------------------------

         failure _d:  cvd_admit
   analysis time _t:  (cvd_end-origin)/365.25
             origin:  time index_date
  enter on or after:  time index_date
                 id:  patient_id

Iteration 0:   log likelihood = -501.91748
Iteration 1:   log likelihood = -498.79542
Iteration 2:   log likelihood = -498.78131
Iteration 3:   log likelihood = -498.78131
Refining estimates:
Iteration 0:   log likelihood = -498.78131

Cox regression -- Breslow method for ties

No. of subjects =          776                  Number of obs    =         776
No. of failures =           76
Time at risk    =   1521.36345
                                                LR chi2(8)       =        6.27
Log likelihood  =   -498.78131                  Prob > chi2      =      0.6168

------------------------------------------------------------------------------
          _t | Haz. Ratio   Std. Err.      z    P>|z|     [95% Conf. Interval]
-------------+----------------------------------------------------------------
        eth5 |
South Asian  |   .8099053   .2923724    -0.58   0.559     .3991665    1.643291
      Black  |   1.190125   .4255767     0.49   0.626     .5904882    2.398687
      Mixed  |   .7080495   .2743942    -0.89   0.373     .3312783    1.513332
      Other  |   1.246443    .416269     0.66   0.509     .6477399    2.398526
             |
     age_cat |
41 - 60 y..  |    .761836   .2275322    -0.91   0.362     .4242669    1.367993
61 - 80 y..  |   1.200019   .3306396     0.66   0.508     .6992909    2.059295
  >80 years  |   .8650722   .4612979    -0.27   0.786     .3041942    2.460106
             |
        male |
       Male  |   1.228259   .2862894     0.88   0.378     .7778344    1.939513
------------------------------------------------------------------------------
(note: file ./output/tempdata/model1_cvd_eth.ster not found)
file ./output/tempdata/model1_cvd_eth.ster saved
(note: file ./output/tempdata/surv_model1_cvd_eth.dta not found)
file ./output/tempdata/surv_model1_cvd_eth.dta saved

         failure _d:  cvd_admit
   analysis time _t:  (cvd_end-origin)/365.25
             origin:  time index_date
  enter on or after:  time index_date
                 id:  patient_id

Iteration 0:   log likelihood = -501.91748
Iteration 1:   log likelihood = -492.80542
Iteration 2:   log likelihood = -492.48627
Iteration 3:   log likelihood = -492.41784
Iteration 4:   log likelihood = -492.39271
Iteration 5:   log likelihood = -492.38347
Iteration 6:   log likelihood = -492.38007
Iteration 7:   log likelihood = -492.37882
Iteration 8:   log likelihood = -492.37836
Iteration 9:   log likelihood = -492.37819
Iteration 10:  log likelihood = -492.37813
Iteration 11:  log likelihood = -492.37811
Iteration 12:  log likelihood =  -492.3781
Iteration 13:  log likelihood =  -492.3781
Iteration 14:  log likelihood =  -492.3781
Iteration 15:  log likelihood =  -492.3781
Iteration 16:  log likelihood =  -492.3781
Iteration 17:  log likelihood =  -492.3781
Iteration 18:  log likelihood =  -492.3781
Iteration 19:  log likelihood =  -492.3781
Iteration 20:  log likelihood =  -492.3781
Iteration 21:  log likelihood =  -492.3781
Iteration 22:  log likelihood =  -492.3781
Iteration 23:  log likelihood =  -492.3781
Iteration 24:  log likelihood =  -492.3781
Iteration 25:  log likelihood =  -492.3781
Iteration 26:  log likelihood =  -492.3781
Iteration 27:  log likelihood =  -492.3781
Iteration 28:  log likelihood =  -492.3781
Iteration 29:  log likelihood =  -492.3781
Iteration 30:  log likelihood =  -492.3781
Iteration 31:  log likelihood =  -492.3781
Iteration 32:  log likelihood =  -492.3781
Iteration 33:  log likelihood =  -492.3781
Iteration 34:  log likelihood =  -492.3781
Refining estimates:
Iteration 0:   log likelihood =  -492.3781
Iteration 1:   log likelihood =  -492.3781
Iteration 2:   log likelihood =  -492.3781

Cox regression -- Breslow method for ties

No. of subjects =          776                  Number of obs    =         776
No. of failures =           76
Time at risk    =   1521.36345
                                                LR chi2(15)      =       19.08
Log likelihood  =    -492.3781                  Prob > chi2      =      0.2102

------------------------------------------------------------------------------
          _t | Haz. Ratio   Std. Err.      z    P>|z|     [95% Conf. Interval]
-------------+----------------------------------------------------------------
        eth5 |
South Asian  |   .7550653   .2729221    -0.78   0.437     .3718035      1.5334
      Black  |   1.116889    .399507     0.31   0.757      .554037     2.25155
      Mixed  |   .6987473    .271153    -0.92   0.356     .3265926    1.494975
      Other  |   1.263211   .4230661     0.70   0.485     .6552354    2.435312
             |
     age_cat |
41 - 60 y..  |   .7380754   .2210054    -1.01   0.310     .4104133    1.327333
61 - 80 y..  |   1.155437    .320454     0.52   0.602     .6709196    1.989859
  >80 years  |   .8192979   .4398847    -0.37   0.710     .2860407     2.34669
             |
        male |
       Male  |   1.173468   .2739204     0.69   0.493      .742638    1.854239
             |
urban_rura~n |
      Urban  |   .9690524   .2298193    -0.13   0.895     .6088038    1.542472
             |
         imd |
          1  |   .8524347   .5458455    -0.25   0.803     .2429994    2.990316
          2  |   1.466883   .9032542     0.62   0.534     .4387889    4.903826
          3  |   .5225344    .356819    -0.95   0.342     .1370444    1.992362
          4  |   .5323577   .3574917    -0.94   0.348     .1427579    1.985213
          5  |   1.079025   .6786067     0.12   0.904     .3145611    3.701334
             |
  1.shielded |   2.29e-16   1.68e-08    -0.00   1.000            0           .
------------------------------------------------------------------------------
(note: file ./output/tempdata/model2_cvd_eth.ster not found)
file ./output/tempdata/model2_cvd_eth.ster saved
(note: file ./output/tempdata/surv_model2_cvd_eth.dta not found)
file ./output/tempdata/surv_model2_cvd_eth.dta saved
(note: file ./output/tables/estout_table_eth_.txt not found)
(output written to ./output/tables/estout_table_eth_.txt)

   dm_admit |      Freq.     Percent        Cum.
------------+-----------------------------------
          0 |        928       92.80       92.80
          1 |         72        7.20      100.00
------------+-----------------------------------
      Total |      1,000      100.00
  928
(72 real changes made)

                id:  patient_id
     failure event:  dm_admit != 0 & dm_admit < .
obs. time interval:  (dm_end[_n-1], dm_end]
 enter on or after:  time index_date
 exit on or before:  failure
    t for analysis:  (time-origin)/365.25
            origin:  time index_date

------------------------------------------------------------------------------
      1,000  total observations
          0  exclusions
------------------------------------------------------------------------------
      1,000  observations remaining, representing
      1,000  subjects
         72  failures in single-failure-per-subject data
  1,991.918  total analysis time at risk and under observation
                                                at risk from t =         0
                                     earliest observed entry t =         0
                                          last observed exit t =  2.058864

         failure _d:  dm_admit
   analysis time _t:  (dm_end-origin)/365.25
             origin:  time index_date
  enter on or after:  time index_date
                 id:  patient_id
(note: file ./output/graphs/km_dm_eth.svg not found)
(file ./output/graphs/km_dm_eth.svg written in SVG format)

         failure _d:  dm_admit
   analysis time _t:  (dm_end-origin)/365.25
             origin:  time index_date
  enter on or after:  time index_date
                 id:  patient_id

Iteration 0:   log likelihood = -494.73899
Iteration 1:   log likelihood = -489.30933
Iteration 2:   log likelihood = -489.16531
Iteration 3:   log likelihood = -489.16461
Iteration 4:   log likelihood = -489.16461
Refining estimates:
Iteration 0:   log likelihood = -489.16461

Cox regression -- Breslow method for ties

No. of subjects =        1,000                  Number of obs    =       1,000
No. of failures =           72
Time at risk    =  1991.917864
                                                LR chi2(4)       =       11.15
Log likelihood  =   -489.16461                  Prob > chi2      =      0.0249

------------------------------------------------------------------------------
          _t | Haz. Ratio   Std. Err.      z    P>|z|     [95% Conf. Interval]
-------------+----------------------------------------------------------------
        eth5 |
South Asian  |   2.649402   1.180149     2.19   0.029     1.106596    6.343177
      Black  |   1.480821   .7462648     0.78   0.436     .5514886    3.976202
      Mixed  |   3.020708   1.335593     2.50   0.012     1.269853    7.185612
      Other  |   2.943274   1.301371     2.44   0.015     1.237289    7.001483
------------------------------------------------------------------------------
(note: file ./output/tempdata/crude_dm_eth.ster not found)
file ./output/tempdata/crude_dm_eth.ster saved
(note: file ./output/tempdata/surv_crude_dm_eth16.dta not found)
file ./output/tempdata/surv_crude_dm_eth16.dta saved

      Test of proportional-hazards assumption

      Time:  Time
      ----------------------------------------------------------------
                  |                      chi2       df       Prob>chi2
      ------------+---------------------------------------------------
      global test |                      3.56        4         0.4690
      ----------------------------------------------------------------

         failure _d:  dm_admit
   analysis time _t:  (dm_end-origin)/365.25
             origin:  time index_date
  enter on or after:  time index_date
                 id:  patient_id

Iteration 0:   log likelihood = -377.17658
Iteration 1:   log likelihood = -371.10586
Iteration 2:   log likelihood = -370.96837
Iteration 3:   log likelihood = -370.96814
Iteration 4:   log likelihood = -370.96814
Refining estimates:
Iteration 0:   log likelihood = -370.96814

Cox regression -- Breslow method for ties

No. of subjects =          776                  Number of obs    =         776
No. of failures =           57
Time at risk    =  1542.652977
                                                LR chi2(8)       =       12.42
Log likelihood  =   -370.96814                  Prob > chi2      =      0.1336

------------------------------------------------------------------------------
          _t | Haz. Ratio   Std. Err.      z    P>|z|     [95% Conf. Interval]
-------------+----------------------------------------------------------------
        eth5 |
South Asian  |   2.535234   1.224816     1.93   0.054     .9835303    6.535041
      Black  |   1.060978   .6448294     0.10   0.922     .3223836    3.491726
      Mixed  |    2.93851   1.420823     2.23   0.026     1.139084    7.580511
      Other  |   3.041585   1.457026     2.32   0.020     1.189446    7.777775
             |
     age_cat |
41 - 60 y..  |    1.22357   .3930798     0.63   0.530      .651891    2.296587
61 - 80 y..  |   .9388826   .3350266    -0.18   0.860     .4665223    1.889514
  >80 years  |    1.55169   .7774507     0.88   0.381      .581197     4.14273
             |
        male |
       Male  |   .9634145   .2569143    -0.14   0.889     .5712455    1.624814
------------------------------------------------------------------------------
(note: file ./output/tempdata/model1_dm_eth.ster not found)
file ./output/tempdata/model1_dm_eth.ster saved
(note: file ./output/tempdata/surv_model1_dm_eth.dta not found)
file ./output/tempdata/surv_model1_dm_eth.dta saved

         failure _d:  dm_admit
   analysis time _t:  (dm_end-origin)/365.25
             origin:  time index_date
  enter on or after:  time index_date
                 id:  patient_id

Iteration 0:   log likelihood = -377.17658
Iteration 1:   log likelihood = -368.11514
Iteration 2:   log likelihood = -367.36715
Iteration 3:   log likelihood = -367.14668
Iteration 4:   log likelihood = -367.06614
Iteration 5:   log likelihood = -367.03657
Iteration 6:   log likelihood =  -367.0257
Iteration 7:   log likelihood =  -367.0217
Iteration 8:   log likelihood = -367.02023
Iteration 9:   log likelihood = -367.01969
Iteration 10:  log likelihood = -367.01949
Iteration 11:  log likelihood = -367.01942
Iteration 12:  log likelihood = -367.01939
Iteration 13:  log likelihood = -367.01938
Iteration 14:  log likelihood = -367.01938
Iteration 15:  log likelihood = -367.01938
Iteration 16:  log likelihood = -367.01938
Iteration 17:  log likelihood = -367.01938
Iteration 18:  log likelihood = -367.01938
Iteration 19:  log likelihood = -367.01938
Iteration 20:  log likelihood = -367.01938
Iteration 21:  log likelihood = -367.01938
Iteration 22:  log likelihood = -367.01938
Iteration 23:  log likelihood = -367.01938
Iteration 24:  log likelihood = -367.01938
Iteration 25:  log likelihood = -367.01938
Iteration 26:  log likelihood = -367.01938
Iteration 27:  log likelihood = -367.01938
Iteration 28:  log likelihood = -367.01938
Iteration 29:  log likelihood = -367.01938
Iteration 30:  log likelihood = -367.01938
Refining estimates:
Iteration 0:   log likelihood = -367.01938
Iteration 1:   log likelihood = -367.01938
Iteration 2:   log likelihood = -367.01938

Cox regression -- Breslow method for ties

No. of subjects =          776                  Number of obs    =         776
No. of failures =           57
Time at risk    =  1542.652977
                                                LR chi2(14)      =       20.31
Log likelihood  =   -367.01938                  Prob > chi2      =      0.1205

------------------------------------------------------------------------------
          _t | Haz. Ratio   Std. Err.      z    P>|z|     [95% Conf. Interval]
-------------+----------------------------------------------------------------
        eth5 |
South Asian  |   2.445971   1.183615     1.85   0.065     .9474396    6.314676
      Black  |   1.099339   .6689851     0.16   0.876     .3335392    3.623403
      Mixed  |   2.857228   1.381763     2.17   0.030     1.107393    7.372048
      Other  |   2.972774    1.42476     2.27   0.023     1.162002    7.605307
             |
     age_cat |
41 - 60 y..  |   1.248371    .402255     0.69   0.491     .6638441    2.347584
61 - 80 y..  |   .9668886   .3469622    -0.09   0.925     .4785506    1.953552
  >80 years  |   1.621523   .8249682     0.95   0.342     .5982255    4.395229
             |
        male |
       Male  |   .9919169   .2659382    -0.03   0.976     .5864941    1.677594
             |
urban_rura~n |
      Urban  |   .9576312   .2624669    -0.16   0.874     .5596307    1.638683
             |
         imd |
          1  |   3.80e+08   1.89e+08    39.73   0.000     1.43e+08    1.01e+09
          2  |   5.64e+08   2.59e+08    43.87   0.000     2.29e+08    1.39e+09
          3  |   2.91e+08          .        .       .            .           .
          4  |   5.40e+08   2.51e+08    43.25   0.000     2.17e+08    1.34e+09
          5  |   4.01e+08   1.95e+08    40.62   0.000     1.54e+08    1.04e+09
             |
  1.shielded |   1.08e-14   1.18e-07    -0.00   1.000            0           .
------------------------------------------------------------------------------
(note: file ./output/tempdata/model2_dm_eth.ster not found)
file ./output/tempdata/model2_dm_eth.ster saved
(note: file ./output/tempdata/surv_model2_dm_eth.dta not found)
file ./output/tempdata/surv_model2_dm_eth.dta saved
(output written to ./output/tables/estout_table_eth_.txt)

 copd_admit |      Freq.     Percent        Cum.
------------+-----------------------------------
          0 |        913       91.30       91.30
          1 |         87        8.70      100.00
------------+-----------------------------------
      Total |      1,000      100.00
  913
(87 real changes made)

                id:  patient_id
     failure event:  copd_admit != 0 & copd_admit < .
obs. time interval:  (copd_end[_n-1], copd_end]
 enter on or after:  time index_date
 exit on or before:  failure
    t for analysis:  (time-origin)/365.25
            origin:  time index_date

------------------------------------------------------------------------------
      1,000  total observations
          0  exclusions
------------------------------------------------------------------------------
      1,000  observations remaining, representing
      1,000  subjects
         87  failures in single-failure-per-subject data
  1,976.758  total analysis time at risk and under observation
                                                at risk from t =         0
                                     earliest observed entry t =         0
                                          last observed exit t =  2.058864

         failure _d:  copd_admit
   analysis time _t:  (copd_end-origin)/365.25
             origin:  time index_date
  enter on or after:  time index_date
                 id:  patient_id
(note: file ./output/graphs/km_copd_eth.svg not found)
(file ./output/graphs/km_copd_eth.svg written in SVG format)

         failure _d:  copd_admit
   analysis time _t:  (copd_end-origin)/365.25
             origin:  time index_date
  enter on or after:  time index_date
                 id:  patient_id

Iteration 0:   log likelihood = -597.12399
Iteration 1:   log likelihood = -596.93873
Iteration 2:   log likelihood = -596.93832
Iteration 3:   log likelihood = -596.93832
Refining estimates:
Iteration 0:   log likelihood = -596.93832

Cox regression -- Breslow method for ties

No. of subjects =        1,000                  Number of obs    =       1,000
No. of failures =           87
Time at risk    =  1976.758385
                                                LR chi2(4)       =        0.37
Log likelihood  =   -596.93832                  Prob > chi2      =      0.9848

------------------------------------------------------------------------------
          _t | Haz. Ratio   Std. Err.      z    P>|z|     [95% Conf. Interval]
-------------+----------------------------------------------------------------
        eth5 |
South Asian  |   1.025831   .3328295     0.08   0.937     .5431311    1.937524
      Black  |   .8445745   .2974789    -0.48   0.632     .4234722    1.684423
      Mixed  |   .9611865    .320892    -0.12   0.906     .4996135    1.849188
      Other  |   .9966246   .3278092    -0.01   0.992      .523064    1.898927
------------------------------------------------------------------------------
(note: file ./output/tempdata/crude_copd_eth.ster not found)
file ./output/tempdata/crude_copd_eth.ster saved
(note: file ./output/tempdata/surv_crude_copd_eth16.dta not found)
file ./output/tempdata/surv_crude_copd_eth16.dta saved

      Test of proportional-hazards assumption

      Time:  Time
      ----------------------------------------------------------------
                  |                      chi2       df       Prob>chi2
      ------------+---------------------------------------------------
      global test |                     10.38        4         0.0345
      ----------------------------------------------------------------

         failure _d:  copd_admit
   analysis time _t:  (copd_end-origin)/365.25
             origin:  time index_date
  enter on or after:  time index_date
                 id:  patient_id

Iteration 0:   log likelihood = -442.89659
Iteration 1:   log likelihood = -441.04671
Iteration 2:   log likelihood = -441.03388
Iteration 3:   log likelihood = -441.03388
Refining estimates:
Iteration 0:   log likelihood = -441.03388

Cox regression -- Breslow method for ties

No. of subjects =          776                  Number of obs    =         776
No. of failures =           67
Time at risk    =  1531.288159
                                                LR chi2(8)       =        3.73
Log likelihood  =   -441.03388                  Prob > chi2      =      0.8810

------------------------------------------------------------------------------
          _t | Haz. Ratio   Std. Err.      z    P>|z|     [95% Conf. Interval]
-------------+----------------------------------------------------------------
        eth5 |
South Asian  |   1.140393   .4040719     0.37   0.711     .5694437      2.2838
      Black  |   .6316579   .2780135    -1.04   0.297     .2665877    1.496662
      Mixed  |   .8730905   .3386569    -0.35   0.726     .4082185     1.86735
      Other  |    1.10059   .4021267     0.26   0.793     .5377972    2.252331
             |
     age_cat |
41 - 60 y..  |   .8162689   .2415065    -0.69   0.493      .457079    1.457724
61 - 80 y..  |   .8034043   .2509745    -0.70   0.483     .4355403    1.481972
  >80 years  |    .622675   .3781686    -0.78   0.435      .189366    2.047485
             |
        male |
       Male  |   .8287663   .2041462    -0.76   0.446     .5113985    1.343089
------------------------------------------------------------------------------
(note: file ./output/tempdata/model1_copd_eth.ster not found)
file ./output/tempdata/model1_copd_eth.ster saved
(note: file ./output/tempdata/surv_model1_copd_eth.dta not found)
file ./output/tempdata/surv_model1_copd_eth.dta saved

         failure _d:  copd_admit
   analysis time _t:  (copd_end-origin)/365.25
             origin:  time index_date
  enter on or after:  time index_date
                 id:  patient_id

Iteration 0:   log likelihood = -442.89659
Iteration 1:   log likelihood = -437.60922
Iteration 2:   log likelihood = -435.75153
Iteration 3:   log likelihood =  -435.7078
Iteration 4:   log likelihood = -435.70762
Refining estimates:
Iteration 0:   log likelihood = -435.70762

Cox regression -- Breslow method for ties

No. of subjects =          776                  Number of obs    =         776
No. of failures =           67
Time at risk    =  1531.288159
                                                LR chi2(15)      =       14.38
Log likelihood  =   -435.70762                  Prob > chi2      =      0.4971

------------------------------------------------------------------------------
          _t | Haz. Ratio   Std. Err.      z    P>|z|     [95% Conf. Interval]
-------------+----------------------------------------------------------------
        eth5 |
South Asian  |   1.264117   .4547507     0.65   0.515      .624565    2.558566
      Black  |   .7006813   .3114547    -0.80   0.424     .2931967    1.674487
      Mixed  |   .8337238   .3245551    -0.47   0.640     .3887437    1.788056
      Other  |   1.205735   .4456949     0.51   0.613     .5842638    2.488256
             |
     age_cat |
41 - 60 y..  |   .7496813   .2243566    -0.96   0.336      .417002    1.347768
61 - 80 y..  |   .7895044   .2484729    -0.75   0.453     .4260536    1.463001
  >80 years  |   .6757627   .4140009    -0.64   0.522     .2033818     2.24531
             |
        male |
       Male  |    .819758   .2027252    -0.80   0.422     .5048758    1.331027
             |
urban_rura~n |
      Urban  |   .8326241   .2131332    -0.72   0.474     .5041507     1.37511
             |
         imd |
          1  |   1.079668   .8276819     0.10   0.920      .240299    4.850964
          2  |   1.102371   .8422743     0.13   0.898     .2465819    4.928268
          3  |    1.61199   1.216154     0.63   0.527     .3674342    7.072043
          4  |    .883121   .6839793    -0.16   0.873     .1935364    4.029748
          5  |   .8088093   .6294904    -0.27   0.785      .175939    3.718178
             |
  1.shielded |   8.855114   5.631895     3.43   0.001      2.54581    30.80083
------------------------------------------------------------------------------
(note: file ./output/tempdata/model2_copd_eth.ster not found)
file ./output/tempdata/model2_copd_eth.ster saved
(note: file ./output/tempdata/surv_model2_copd_eth.dta not found)
file ./output/tempdata/surv_model2_copd_eth.dta saved
(output written to ./output/tables/estout_table_eth_.txt)

   mh_admit |      Freq.     Percent        Cum.
------------+-----------------------------------
          0 |        906       90.60       90.60
          1 |         94        9.40      100.00
------------+-----------------------------------
      Total |      1,000      100.00
  906
(93 real changes made)

                id:  patient_id
     failure event:  mh_admit != 0 & mh_admit < .
obs. time interval:  (mh_end[_n-1], mh_end]
 enter on or after:  time index_date
 exit on or before:  failure
    t for analysis:  (time-origin)/365.25
            origin:  time index_date

------------------------------------------------------------------------------
      1,000  total observations
          0  exclusions
------------------------------------------------------------------------------
      1,000  observations remaining, representing
      1,000  subjects
         94  failures in single-failure-per-subject data
  1,963.693  total analysis time at risk and under observation
                                                at risk from t =         0
                                     earliest observed entry t =         0
                                          last observed exit t =  2.058864

         failure _d:  mh_admit
   analysis time _t:  (mh_end-origin)/365.25
             origin:  time index_date
  enter on or after:  time index_date
                 id:  patient_id
(note: file ./output/graphs/km_mh_eth.svg not found)
(file ./output/graphs/km_mh_eth.svg written in SVG format)

         failure _d:  mh_admit
   analysis time _t:  (mh_end-origin)/365.25
             origin:  time index_date
  enter on or after:  time index_date
                 id:  patient_id

Iteration 0:   log likelihood = -644.82115
Iteration 1:   log likelihood = -643.00402
Iteration 2:   log likelihood = -643.00148
Iteration 3:   log likelihood = -643.00148
Refining estimates:
Iteration 0:   log likelihood = -643.00148

Cox regression -- Breslow method for ties

No. of subjects =        1,000                  Number of obs    =       1,000
No. of failures =           94
Time at risk    =  1963.693361
                                                LR chi2(4)       =        3.64
Log likelihood  =   -643.00148                  Prob > chi2      =      0.4570

------------------------------------------------------------------------------
          _t | Haz. Ratio   Std. Err.      z    P>|z|     [95% Conf. Interval]
-------------+----------------------------------------------------------------
        eth5 |
South Asian  |   .9958372   .3415705    -0.01   0.990     .5084259    1.950514
      Black  |   .9454579   .3412206    -0.16   0.877     .4660572    1.917985
      Mixed  |   1.481871   .4739753     1.23   0.219      .791688    2.773745
      Other  |   1.428669   .4569593     1.12   0.265     .7632643    2.674164
------------------------------------------------------------------------------
(note: file ./output/tempdata/crude_mh_eth.ster not found)
file ./output/tempdata/crude_mh_eth.ster saved
(note: file ./output/tempdata/surv_crude_mh_eth16.dta not found)
file ./output/tempdata/surv_crude_mh_eth16.dta saved

      Test of proportional-hazards assumption

      Time:  Time
      ----------------------------------------------------------------
                  |                      chi2       df       Prob>chi2
      ------------+---------------------------------------------------
      global test |                      0.97        4         0.9146
      ----------------------------------------------------------------

         failure _d:  mh_admit
   analysis time _t:  (mh_end-origin)/365.25
             origin:  time index_date
  enter on or after:  time index_date
                 id:  patient_id

Iteration 0:   log likelihood = -501.92016
Iteration 1:   log likelihood = -498.55578
Iteration 2:   log likelihood = -498.46972
Iteration 3:   log likelihood = -498.46868
Iteration 4:   log likelihood = -498.46868
Refining estimates:
Iteration 0:   log likelihood = -498.46868

Cox regression -- Breslow method for ties

No. of subjects =          776                  Number of obs    =         776
No. of failures =           76
Time at risk    =  1522.332649
                                                LR chi2(8)       =        6.90
Log likelihood  =   -498.46868                  Prob > chi2      =      0.5471

------------------------------------------------------------------------------
          _t | Haz. Ratio   Std. Err.      z    P>|z|     [95% Conf. Interval]
-------------+----------------------------------------------------------------
        eth5 |
South Asian  |   .9653238   .3649391    -0.09   0.926      .460127    2.025202
      Black  |   .8598347   .3581301    -0.36   0.717     .3800849    1.945133
      Mixed  |   1.446119   .5160068     1.03   0.301     .7185824    2.910256
      Other  |   1.572662    .548356     1.30   0.194     .7940326    3.114817
             |
     age_cat |
41 - 60 y..  |   1.027843    .282084     0.10   0.920      .600234    1.760082
61 - 80 y..  |   .9770573   .2829427    -0.08   0.936       .55389    1.723521
  >80 years  |   .4088519   .2988049    -1.22   0.221     .0976056    1.712606
             |
        male |
       Male  |   .8237838   .1907772    -0.84   0.403     .5232226       1.297
------------------------------------------------------------------------------
(note: file ./output/tempdata/model1_mh_eth.ster not found)
file ./output/tempdata/model1_mh_eth.ster saved
(note: file ./output/tempdata/surv_model1_mh_eth.dta not found)
file ./output/tempdata/surv_model1_mh_eth.dta saved

         failure _d:  mh_admit
   analysis time _t:  (mh_end-origin)/365.25
             origin:  time index_date
  enter on or after:  time index_date
                 id:  patient_id

Iteration 0:   log likelihood = -501.92016
Iteration 1:   log likelihood =  -494.9512
Iteration 2:   log likelihood =  -494.8347
Iteration 3:   log likelihood = -494.83365
Iteration 4:   log likelihood = -494.83365
Refining estimates:
Iteration 0:   log likelihood = -494.83365

Cox regression -- Breslow method for ties

No. of subjects =          776                  Number of obs    =         776
No. of failures =           76
Time at risk    =  1522.332649
                                                LR chi2(15)      =       14.17
Log likelihood  =   -494.83365                  Prob > chi2      =      0.5125

------------------------------------------------------------------------------
          _t | Haz. Ratio   Std. Err.      z    P>|z|     [95% Conf. Interval]
-------------+----------------------------------------------------------------
        eth5 |
South Asian  |   1.009478   .3837414     0.02   0.980      .479206    2.126529
      Black  |   .8406256   .3529172    -0.41   0.679      .369186    1.914079
      Mixed  |   1.442656   .5158913     1.02   0.305     .7157721     2.90771
      Other  |   1.591978   .5568849     1.33   0.184     .8020121    3.160045
             |
     age_cat |
41 - 60 y..  |   1.031577   .2843916     0.11   0.910     .6009485    1.770787
61 - 80 y..  |   .9599636   .2804116    -0.14   0.889     .5415185    1.701752
  >80 years  |    .378709   .2781027    -1.32   0.186     .0897906    1.597277
             |
        male |
       Male  |   .8074203    .187843    -0.92   0.358     .5117656    1.273879
             |
urban_rura~n |
      Urban  |   1.175916   .2736229     0.70   0.486     .7452658    1.855418
             |
         imd |
          1  |   1.590976   1.190586     0.62   0.535     .3670103    6.896822
          2  |   .7874878   .6110054    -0.31   0.758     .1721089    3.603165
          3  |   1.331697   1.007611     0.38   0.705     .3022423    5.867536
          4  |   .7141479   .5589552    -0.43   0.667     .1540149    3.311415
          5  |   1.160135   .8785633     0.20   0.845     .2629653    5.118214
             |
  1.shielded |   1.225848   1.246291     0.20   0.841     .1671247    8.991517
------------------------------------------------------------------------------
(note: file ./output/tempdata/model2_mh_eth.ster not found)
file ./output/tempdata/model2_mh_eth.ster saved
(note: file ./output/tempdata/surv_model2_mh_eth.dta not found)
file ./output/tempdata/surv_model2_mh_eth.dta saved
(output written to ./output/tables/estout_table_eth_.txt)

. 
. file close tablecontent

. 
. log close
      name:  <unnamed>
       log:  /workspace/logs/cox_model_checks.log
  log type:  text
 closed on:   6 Jun 2022, 13:06:52
-------------------------------------------------------------------------------
