
. 
. import delimited using ./output/measures/tables/input_flowchart_2020-01-01.cs
> v, clear
(8 vars, 1,000 obs)

. describe

Contains data
  obs:         1,000                          
 vars:             8                          
-------------------------------------------------------------------------------
              storage   display    value
variable name   type    format     label      variable label
-------------------------------------------------------------------------------
has_follow_up   byte    %8.0g                 
age             byte    %8.0g                 
died            byte    %8.0g                 
sex             str1    %9s                   
stp             str4    %9s                   
household       byte    %8.0g                 
imd             byte    %8.0g                 
patient_id      int     %8.0g                 
-------------------------------------------------------------------------------
Sorted by: 
     Note: Dataset has changed since last saved.

. * Inclusion criteria
. * has_follow_up AND
. * (age >=18 AND age <= 110) AND
. * (NOT died) AND
. * (sex = 'M' OR sex = 'F') AND
. * (stp != 'missing') AND
. * (household>=1 AND household<=15) 
. 
. safecount
  1,000

. drop if has_follow_up!=1
(950 observations deleted)

. safecount
  50

. drop if died==1
(7 observations deleted)

. safecount
  43

. drop if (age<18 | age>110)
(13 observations deleted)

. safecount
  30

. drop if (sex!="M" | sex!="F")
(30 observations deleted)

. safecount
  0

. drop if stp==""
(0 observations deleted)

. safecount
  0

. drop if (household==0 | household>15)
(0 observations deleted)

. safecount
  0

. 
end of do-file

. . file open output using "/tmp/tmp.kxJ8Mi61Vc", write text replace

. . file write output "success" 

. . file close output

. 
end of do-file


