
. cap mkdir ./output/time_series

. 
. * Mental health outcomes
. * Clinical monitoring: BP measurement
. * Hospital admissions: any code and primary code for depression, anxiety, smi
> , self harm, eating disorders, OCD
. * Likely to need to update file paths as ethnicity 3-monthly
. local a "systolic_bp_mh depression_admission anxiety_admission smi_admission 
> self_harm_admission eating_dis_admission ocd_admission" 

. local z "bp_mh depress_admit anx_admit smi_admit sh_admit eat_dis_admit ocd_a
> dmit"

. forvalues i=1/7 {
  2.     local c: word `i' of `a' 
  3.         local e: word `i' of `z'
  4.         local b "ethnicity imd"
  5.         forvalues i=1/2 {
  6.         local d: word `i' of `b'
  7.                 import delimited "./output/measures/measure_`c'_`d'_rate.c
> sv", numericcols(4) clear     //get csv
  8.                 gen temp_date=date(date, "YMD")
  9.                 format temp_date %td
 10.                 gen postcovid=(temp_date>=date("23/03/2020", "DMY"))
 11.                 gen month=mofd(temp_date)
 12.                 format month %tm
 13.                 drop temp_date
 14.                 *Value to rate per 100k
.                 gen rate = value*100000
 15.                 label variable rate "Rate of `c' per 100,000"
 16.                 *Set time series
.                 tsset `d' month 
 17.                 *Kernel density plots to check for normality and extreme v
> alues
.                 kdensity rate if `d'==1, normal name(kd_`d'_1_`e')
 18.                 kdensity rate if `d'==2, normal name(kd_`d'_2_`e')
 19.                 kdensity rate if `d'==3, normal name(kd_`d'_3_`e')
 20.                 kdensity rate if `d'==4, normal name(kd_`d'_4_`e')
 21.                 kdensity rate if `d'==5, normal name(kd_`d'_5_`e')
 22.                 *Autoregression plots by ethnicity
.                 ac rate if `d'==1, name(ac_`d'_1_`e')
 23.                 ac rate if `d'==2, name(ac_`d'_2_`e')
 24.                 ac rate if `d'==3, name(ac_`d'_3_`e')
 25.                 ac rate if `d'==4, name(ac_`d'_4_`e')
 26.                 ac rate if `d'==5, name(ac_`d'_5_`e')
 27.                 /*Partial autoregression plots by ethnicity
>                 pac rate if `d'==1, name(pac_`d'_1_`e')
>                 pac rate if `d'==2, name(pac_`d'_2_`e')
>                 pac rate if `d'==3, name(pac_`d'_3_`e')
>                 pac rate if `d'==4, name(pac_`d'_4_`e')
>                 pac rate if `d'==5, name(pac_`d'_5_`e')*/
.                 *Combine Graphs
.                 graph combine kd_`d'_1_`e' kd_`d'_2_`e' kd_`d'_3_`e' kd_`d'_4
> _`e' kd_`d'_5_`e', altshrink
 28.                 graph export ./output/time_series/mh_kd_`c'_`d'.eps, as(ep
> s) replace
 29.                 graph combine ac_`d'_1_`e' ac_`d'_2_`e' ac_`d'_3_`e' ac_`d
> '_4_`e' ac_`d'_5_`e', altshrink
 30.                 graph export ./output/time_series/mh_ac_`c'_`d'.eps, as(ep
> s) replace
 31.                 /*graph combine pac_`d'*', altshrink
>                 graph export .output/graphs/mh_pac_`c'_`d'.eps, as(eps) repla
> ce*/
.                 }
 32.         }
(5 vars, 20 obs)
       panel variable:  ethnicity (strongly balanced)
        time variable:  month, 2020m3 to 2020m6
                delta:  1 month
(n() set to 20)
(n() set to 20)
(n() set to 20)
(n() set to 20)
(n() set to 20)
(note: file ./output/time_series/mh_kd_systolic_bp_mh_ethnicity.eps not found)
(file ./output/time_series/mh_kd_systolic_bp_mh_ethnicity.eps written in EPS fo
> rmat)
(note: file ./output/time_series/mh_ac_systolic_bp_mh_ethnicity.eps not found)
(file ./output/time_series/mh_ac_systolic_bp_mh_ethnicity.eps written in EPS fo
> rmat)
(5 vars, 24 obs)
       panel variable:  imd (strongly balanced)
        time variable:  month, 2020m3 to 2020m6
                delta:  1 month
(n() set to 24)
(n() set to 24)
(n() set to 24)
(n() set to 24)
(n() set to 24)
(note: file ./output/time_series/mh_kd_systolic_bp_mh_imd.eps not found)
(file ./output/time_series/mh_kd_systolic_bp_mh_imd.eps written in EPS format)
(note: file ./output/time_series/mh_ac_systolic_bp_mh_imd.eps not found)
(file ./output/time_series/mh_ac_systolic_bp_mh_imd.eps written in EPS format)
(5 vars, 20 obs)
       panel variable:  ethnicity (strongly balanced)
        time variable:  month, 2020m3 to 2020m6
                delta:  1 month
(n() set to 20)
(n() set to 20)
(n() set to 20)
(n() set to 20)
(n() set to 20)
(note: file ./output/time_series/mh_kd_depression_admission_ethnicity.eps not f
> ound)
(file ./output/time_series/mh_kd_depression_admission_ethnicity.eps written in 
> EPS format)
(note: file ./output/time_series/mh_ac_depression_admission_ethnicity.eps not f
> ound)
(file ./output/time_series/mh_ac_depression_admission_ethnicity.eps written in 
> EPS format)
(5 vars, 24 obs)
       panel variable:  imd (strongly balanced)
        time variable:  month, 2020m3 to 2020m6
                delta:  1 month
(n() set to 24)
(n() set to 24)
(n() set to 24)
(n() set to 24)
(n() set to 24)
(note: file ./output/time_series/mh_kd_depression_admission_imd.eps not found)
(file ./output/time_series/mh_kd_depression_admission_imd.eps written in EPS fo
> rmat)
(note: file ./output/time_series/mh_ac_depression_admission_imd.eps not found)
(file ./output/time_series/mh_ac_depression_admission_imd.eps written in EPS fo
> rmat)
(5 vars, 20 obs)
       panel variable:  ethnicity (strongly balanced)
        time variable:  month, 2020m3 to 2020m6
                delta:  1 month
(n() set to 20)
(n() set to 20)
(n() set to 20)
(n() set to 20)
(n() set to 20)
(note: file ./output/time_series/mh_kd_anxiety_admission_ethnicity.eps not foun
> d)
(file ./output/time_series/mh_kd_anxiety_admission_ethnicity.eps written in EPS
>  format)
(note: file ./output/time_series/mh_ac_anxiety_admission_ethnicity.eps not foun
> d)
(file ./output/time_series/mh_ac_anxiety_admission_ethnicity.eps written in EPS
>  format)
(5 vars, 24 obs)
       panel variable:  imd (strongly balanced)
        time variable:  month, 2020m3 to 2020m6
                delta:  1 month
(n() set to 24)
(n() set to 24)
(n() set to 24)
(n() set to 24)
(n() set to 24)
(note: file ./output/time_series/mh_kd_anxiety_admission_imd.eps not found)
(file ./output/time_series/mh_kd_anxiety_admission_imd.eps written in EPS forma
> t)
(note: file ./output/time_series/mh_ac_anxiety_admission_imd.eps not found)
(file ./output/time_series/mh_ac_anxiety_admission_imd.eps written in EPS forma
> t)
(5 vars, 20 obs)
       panel variable:  ethnicity (strongly balanced)
        time variable:  month, 2020m3 to 2020m6
                delta:  1 month
(n() set to 20)
(n() set to 20)
(n() set to 20)
(n() set to 20)
(n() set to 20)
(note: file ./output/time_series/mh_kd_smi_admission_ethnicity.eps not found)
(file ./output/time_series/mh_kd_smi_admission_ethnicity.eps written in EPS for
> mat)
(note: file ./output/time_series/mh_ac_smi_admission_ethnicity.eps not found)
(file ./output/time_series/mh_ac_smi_admission_ethnicity.eps written in EPS for
> mat)
(5 vars, 24 obs)
       panel variable:  imd (strongly balanced)
        time variable:  month, 2020m3 to 2020m6
                delta:  1 month
(n() set to 24)
(n() set to 24)
(n() set to 24)
(n() set to 24)
(n() set to 24)
(note: file ./output/time_series/mh_kd_smi_admission_imd.eps not found)
(file ./output/time_series/mh_kd_smi_admission_imd.eps written in EPS format)
(note: file ./output/time_series/mh_ac_smi_admission_imd.eps not found)
(file ./output/time_series/mh_ac_smi_admission_imd.eps written in EPS format)
(5 vars, 20 obs)
       panel variable:  ethnicity (strongly balanced)
        time variable:  month, 2020m3 to 2020m6
                delta:  1 month
(n() set to 20)
(n() set to 20)
(n() set to 20)
(n() set to 20)
(n() set to 20)
(note: file ./output/time_series/mh_kd_self_harm_admission_ethnicity.eps not fo
> und)
(file ./output/time_series/mh_kd_self_harm_admission_ethnicity.eps written in E
> PS format)
(note: file ./output/time_series/mh_ac_self_harm_admission_ethnicity.eps not fo
> und)
(file ./output/time_series/mh_ac_self_harm_admission_ethnicity.eps written in E
> PS format)
(5 vars, 24 obs)
       panel variable:  imd (strongly balanced)
        time variable:  month, 2020m3 to 2020m6
                delta:  1 month
(n() set to 24)
(n() set to 24)
(n() set to 24)
(n() set to 24)
(n() set to 24)
(note: file ./output/time_series/mh_kd_self_harm_admission_imd.eps not found)
(file ./output/time_series/mh_kd_self_harm_admission_imd.eps written in EPS for
> mat)
(note: file ./output/time_series/mh_ac_self_harm_admission_imd.eps not found)
(file ./output/time_series/mh_ac_self_harm_admission_imd.eps written in EPS for
> mat)
(5 vars, 20 obs)
       panel variable:  ethnicity (strongly balanced)
        time variable:  month, 2020m3 to 2020m6
                delta:  1 month
(n() set to 20)
(n() set to 20)
(n() set to 20)
(n() set to 20)
(n() set to 20)
(note: file ./output/time_series/mh_kd_eating_dis_admission_ethnicity.eps not f
> ound)
(file ./output/time_series/mh_kd_eating_dis_admission_ethnicity.eps written in 
> EPS format)
(note: file ./output/time_series/mh_ac_eating_dis_admission_ethnicity.eps not f
> ound)
(file ./output/time_series/mh_ac_eating_dis_admission_ethnicity.eps written in 
> EPS format)
(5 vars, 24 obs)
       panel variable:  imd (strongly balanced)
        time variable:  month, 2020m3 to 2020m6
                delta:  1 month
(n() set to 24)
(n() set to 24)
(n() set to 24)
(n() set to 24)
(n() set to 24)
(note: file ./output/time_series/mh_kd_eating_dis_admission_imd.eps not found)
(file ./output/time_series/mh_kd_eating_dis_admission_imd.eps written in EPS fo
> rmat)
(note: file ./output/time_series/mh_ac_eating_dis_admission_imd.eps not found)
(file ./output/time_series/mh_ac_eating_dis_admission_imd.eps written in EPS fo
> rmat)
(5 vars, 20 obs)
       panel variable:  ethnicity (strongly balanced)
        time variable:  month, 2020m3 to 2020m6
                delta:  1 month
(n() set to 20)
(n() set to 20)
(n() set to 20)
(n() set to 20)
(n() set to 20)
(note: file ./output/time_series/mh_kd_ocd_admission_ethnicity.eps not found)
(file ./output/time_series/mh_kd_ocd_admission_ethnicity.eps written in EPS for
> mat)
(note: file ./output/time_series/mh_ac_ocd_admission_ethnicity.eps not found)
(file ./output/time_series/mh_ac_ocd_admission_ethnicity.eps written in EPS for
> mat)
(5 vars, 24 obs)
       panel variable:  imd (strongly balanced)
        time variable:  month, 2020m3 to 2020m6
                delta:  1 month
(n() set to 24)
(n() set to 24)
(n() set to 24)
(n() set to 24)
(n() set to 24)
(note: file ./output/time_series/mh_kd_ocd_admission_imd.eps not found)
(file ./output/time_series/mh_kd_ocd_admission_imd.eps written in EPS format)
(note: file ./output/time_series/mh_ac_ocd_admission_imd.eps not found)
(file ./output/time_series/mh_ac_ocd_admission_imd.eps written in EPS format)

. 
. * Primary and emergency admissions by ethnicity
. local a "depression_primary_admission anxiety_primary_admission smi_primary_a
> dmission self_harm_primary_admission eating_dis_primary_admission ocd_primary
> _admission anxiety_emergency smi_emergency self_harm_emergency eating_dis_eme
> rgency ocd_emergency"

. local b "depress anxiety smi sh eat_dis ocd anx_emergency smi_emergency sh_em
> ergency ed_emergency ocd_emergency"

. forvalues i=1/11 {
  2.         local c: word `i' of `a'
  3.         local d: word `i' of `b'
  4.         import delimited "./output/measures/collapse_measure_`c'_ethnicity
> _rate.csv", numericcols(3) clear      //get csv
  5.         gen temp_date=date(datea, "DM20Y")
  6.         format temp_date %td
  7.         gen postcovid=(temp_date>=date("23/03/2020", "DMY"))
  8.         gen quarter=qofd(temp_date)
  9.         *format month %tm
.         drop temp_date
 10.         *Set time series
.         tsset ethnicity quarter 
 11.         *Kernel density plots to check for normality and extreme values
.         kdensity rate if ethnicity==1, normal name(kd_ethnic_1_`d')
 12.         kdensity rate if ethnicity==2, normal name(kd_ethnic_2_`d')
 13.     kdensity rate if ethnicity==3, normal name(kd_ethnic_3_`d')
 14.     kdensity rate if ethnicity==4, normal name(kd_ethnic_4_`d')
 15.     kdensity rate if ethnicity==5, normal name(kd_ethnic_5_`d')
 16.         *Autoregression plots by ethnicity
.     ac rate if ethnicity==1, name(ac_ethnic_1_`d')
 17.         ac rate if ethnicity==2, name(ac_ethnic_2_`d')
 18.     ac rate if ethnicity==3, name(ac_ethnic_3_`d')
 19.     ac rate if ethnicity==4, name(ac_ethnic_4_`d')
 20.     ac rate if ethnicity==5, name(ac_ethnic_5_`d')
 21.         /*Partial autoregression plots by ethnicity
>         pac rate if ethnicity==1, name(pac_ethnic_1_`d')
>         pac rate if ethnicity==2, name(pac_ethnic_2_`d')
>     pac rate if ethnicity==3, name(pac_ethnic_3_`d')
>     pac rate if ethnicity==4, name(pac_ethnic_4_`d')
>     pac rate if ethnicity==5, name(pac_ethnic_5_`d')*/
.         *Combine Graphs
.         graph combine kd_ethnic_1_`d' kd_ethnic_2_`d' kd_ethnic_3_`d' kd_ethn
> ic_4_`d' kd_ethnic_5_`d', altshrink
 22.         graph export ./output/time_series/mh_kd_`c'_ethnicity.eps, as(eps)
>  replace
 23.         graph combine ac_ethnic_1_`d' ac_ethnic_2_`d' ac_ethnic_3_`d' ac_e
> thnic_4_`d' ac_ethnic_5_`d', altshrink
 24.         graph export ./output/time_series/mh_ac_`c'_ethnic.eps, as(eps) re
> place
 25.     /*graph combine pac_ethnic*', altshrink
>         graph export .output/graphs/checks_pac_`c'_ethnicity.eps, as(eps) rep
> lace*/
.         }
(6 vars, 10 obs)
       panel variable:  ethnicity (strongly balanced)
        time variable:  quarter, 240 to 241
                delta:  1 unit
(n() set to 10)
(n() set to 10)
(n() set to 10)
(n() set to 10)
(n() set to 10)
(note: file ./output/time_series/mh_kd_depression_primary_admission_ethnicity.e
> ps not found)
(file ./output/time_series/mh_kd_depression_primary_admission_ethnicity.eps wri
> tten in EPS format)
(note: file ./output/time_series/mh_ac_depression_primary_admission_ethnic.eps 
> not found)
(file ./output/time_series/mh_ac_depression_primary_admission_ethnic.eps writte
> n in EPS format)
(6 vars, 10 obs)
       panel variable:  ethnicity (strongly balanced)
        time variable:  quarter, 240 to 241
                delta:  1 unit
(n() set to 10)
(n() set to 10)
(n() set to 10)
(n() set to 10)
(n() set to 10)
(note: file ./output/time_series/mh_kd_anxiety_primary_admission_ethnicity.eps 
> not found)
(file ./output/time_series/mh_kd_anxiety_primary_admission_ethnicity.eps writte
> n in EPS format)
(note: file ./output/time_series/mh_ac_anxiety_primary_admission_ethnic.eps not
>  found)
(file ./output/time_series/mh_ac_anxiety_primary_admission_ethnic.eps written i
> n EPS format)
(6 vars, 10 obs)
       panel variable:  ethnicity (strongly balanced)
        time variable:  quarter, 240 to 241
                delta:  1 unit
(n() set to 10)
(n() set to 10)
(n() set to 10)
(n() set to 10)
(n() set to 10)
(note: file ./output/time_series/mh_kd_smi_primary_admission_ethnicity.eps not 
> found)
(file ./output/time_series/mh_kd_smi_primary_admission_ethnicity.eps written in
>  EPS format)
(note: file ./output/time_series/mh_ac_smi_primary_admission_ethnic.eps not fou
> nd)
(file ./output/time_series/mh_ac_smi_primary_admission_ethnic.eps written in EP
> S format)
(6 vars, 10 obs)
       panel variable:  ethnicity (strongly balanced)
        time variable:  quarter, 240 to 241
                delta:  1 unit
(n() set to 10)
(n() set to 10)
(n() set to 10)
(n() set to 10)
(n() set to 10)
(note: file ./output/time_series/mh_kd_self_harm_primary_admission_ethnicity.ep
> s not found)
(file ./output/time_series/mh_kd_self_harm_primary_admission_ethnicity.eps writ
> ten in EPS format)
(note: file ./output/time_series/mh_ac_self_harm_primary_admission_ethnic.eps n
> ot found)
(file ./output/time_series/mh_ac_self_harm_primary_admission_ethnic.eps written
>  in EPS format)
(6 vars, 10 obs)
       panel variable:  ethnicity (strongly balanced)
        time variable:  quarter, 240 to 241
                delta:  1 unit
(n() set to 10)
(n() set to 10)
(n() set to 10)
(n() set to 10)
(n() set to 10)
(note: file ./output/time_series/mh_kd_eating_dis_primary_admission_ethnicity.e
> ps not found)
(file ./output/time_series/mh_kd_eating_dis_primary_admission_ethnicity.eps wri
> tten in EPS format)
(note: file ./output/time_series/mh_ac_eating_dis_primary_admission_ethnic.eps 
> not found)
(file ./output/time_series/mh_ac_eating_dis_primary_admission_ethnic.eps writte
> n in EPS format)
(6 vars, 10 obs)
       panel variable:  ethnicity (strongly balanced)
        time variable:  quarter, 240 to 241
                delta:  1 unit
(n() set to 10)
(n() set to 10)
(n() set to 10)
(n() set to 10)
(n() set to 10)
(note: file ./output/time_series/mh_kd_ocd_primary_admission_ethnicity.eps not 
> found)
(file ./output/time_series/mh_kd_ocd_primary_admission_ethnicity.eps written in
>  EPS format)
(note: file ./output/time_series/mh_ac_ocd_primary_admission_ethnic.eps not fou
> nd)
(file ./output/time_series/mh_ac_ocd_primary_admission_ethnic.eps written in EP
> S format)
(6 vars, 10 obs)
       panel variable:  ethnicity (strongly balanced)
        time variable:  quarter, 240 to 241
                delta:  1 unit
(n() set to 10)
(n() set to 10)
(n() set to 10)
(n() set to 10)
(n() set to 10)
(note: file ./output/time_series/mh_kd_anxiety_emergency_ethnicity.eps not foun
> d)
(file ./output/time_series/mh_kd_anxiety_emergency_ethnicity.eps written in EPS
>  format)
(note: file ./output/time_series/mh_ac_anxiety_emergency_ethnic.eps not found)
(file ./output/time_series/mh_ac_anxiety_emergency_ethnic.eps written in EPS fo
> rmat)
(6 vars, 10 obs)
       panel variable:  ethnicity (strongly balanced)
        time variable:  quarter, 240 to 241
                delta:  1 unit
(n() set to 10)
(n() set to 10)
(n() set to 10)
(n() set to 10)
(n() set to 10)
(note: file ./output/time_series/mh_kd_smi_emergency_ethnicity.eps not found)
(file ./output/time_series/mh_kd_smi_emergency_ethnicity.eps written in EPS for
> mat)
(note: file ./output/time_series/mh_ac_smi_emergency_ethnic.eps not found)
(file ./output/time_series/mh_ac_smi_emergency_ethnic.eps written in EPS format
> )
(6 vars, 10 obs)
       panel variable:  ethnicity (strongly balanced)
        time variable:  quarter, 240 to 241
                delta:  1 unit
(n() set to 10)
(n() set to 10)
(n() set to 10)
(n() set to 10)
(n() set to 10)
(note: file ./output/time_series/mh_kd_self_harm_emergency_ethnicity.eps not fo
> und)
(file ./output/time_series/mh_kd_self_harm_emergency_ethnicity.eps written in E
> PS format)
(note: file ./output/time_series/mh_ac_self_harm_emergency_ethnic.eps not found
> )
(file ./output/time_series/mh_ac_self_harm_emergency_ethnic.eps written in EPS 
> format)
(6 vars, 10 obs)
       panel variable:  ethnicity (strongly balanced)
        time variable:  quarter, 240 to 241
                delta:  1 unit
(n() set to 10)
(n() set to 10)
(n() set to 10)
(n() set to 10)
(n() set to 10)
(note: file ./output/time_series/mh_kd_eating_dis_emergency_ethnicity.eps not f
> ound)
(file ./output/time_series/mh_kd_eating_dis_emergency_ethnicity.eps written in 
> EPS format)
(note: file ./output/time_series/mh_ac_eating_dis_emergency_ethnic.eps not foun
> d)
(file ./output/time_series/mh_ac_eating_dis_emergency_ethnic.eps written in EPS
>  format)
(6 vars, 10 obs)
       panel variable:  ethnicity (strongly balanced)
        time variable:  quarter, 240 to 241
                delta:  1 unit
(n() set to 10)
(n() set to 10)
(n() set to 10)
(n() set to 10)
(n() set to 10)
(note: file ./output/time_series/mh_kd_ocd_emergency_ethnicity.eps not found)
(file ./output/time_series/mh_kd_ocd_emergency_ethnicity.eps written in EPS for
> mat)
(note: file ./output/time_series/mh_ac_ocd_emergency_ethnic.eps not found)
(file ./output/time_series/mh_ac_ocd_emergency_ethnic.eps written in EPS format
> )

. 
. * Primary and emergency admissions by IMD
. local a "depression_primary_admission anxiety_primary_admission smi_primary_a
> dmission self_harm_primary_admission eating_dis_primary_admission ocd_primary
> _admission anxiety_emergency smi_emergency self_harm_emergency eating_dis_eme
> rgency ocd_emergency"

. local b "depress anxiety smi sh eat_dis ocd anx_emergency smi_emergency sh_em
> ergency ed_emergency ocd_emergency"

. forvalues i=1/11 {
  2.         local c: word `i' of `a'
  3.         local d: word `i' of `b'
  4.         import delimited "./output/measures/measure_`c'_imd_rate.csv", num
> ericcols(4) clear     //get csv
  5.         gen temp_date=date(date, "YMD")
  6.         format temp_date %td
  7.         gen postcovid=(temp_date>=date("23/03/2020", "DMY"))
  8.         gen month=mofd(temp_date)
  9.         format month %tm
 10.         drop temp_date
 11.         *Value to rate per 100k
.         gen rate = value*100000
 12.         label variable rate "Rate of `c' per 100,000"
 13.         *Set time series
.         tsset imd month 
 14.         *Kernel density plots to check for normality and extreme values
.         kdensity rate if imd==1, normal name(kd_imd_1_`d')
 15.         kdensity rate if imd==2, normal name(kd_imd_2_`d')
 16.         kdensity rate if imd==3, normal name(kd_imd_3_`d')
 17.         kdensity rate if imd==4, normal name(kd_imd_4_`d')
 18.         kdensity rate if imd==5, normal name(kd_imd_5_`d')
 19.         *Autoregression plots by ethnicity
.         ac rate if imd==1, name(ac_imd_1_`d')
 20.         ac rate if imd==2, name(ac_imd_2_`d')
 21.         ac rate if imd==3, name(ac_imd_3_`d')
 22.         ac rate if imd==4, name(ac_imd_4_`d')
 23.         ac rate if imd==5, name(ac_imd_5_`d')
 24.         /*Partial autoregression plots by ethnicity
>         pac rate if imd==1, name(pac_imd_1_`d')
>         pac rate if imd==2, name(pac_imd_2_`d')
>         pac rate if imd==3, name(pac_imd_3_`d')
>         pac rate if imd==4, name(pac_imd_4_`d')
>         pac rate if imd==5, name(pac_imd_5_`d')*/
.         *Combine Graphs
.         graph combine kd_imd_1_`d' kd_imd_2_`d' kd_imd_3_`d' kd_imd_4_`d' kd_
> imd_5_`d', altshrink
 25.         graph export ./output/time_series/mh_kd_`c'_imd.eps, as(eps) repla
> ce
 26.         graph combine ac_imd_1_`d' ac_imd_2_`d' ac_imd_3_`d' ac_imd_4_`d' 
> ac_imd_5_`d', altshrink
 27.         graph export ./output/time_series/mh_ac_`c'_imd.eps, as(eps) repla
> ce
 28.         /*graph combine pac_imd*', altshrink
>         graph export .output/graphs/mh_pac_`c'_imd.eps, as(eps) replace*/
.         }
(5 vars, 24 obs)
       panel variable:  imd (strongly balanced)
        time variable:  month, 2020m3 to 2020m6
                delta:  1 month
(n() set to 24)
(n() set to 24)
(n() set to 24)
(n() set to 24)
(n() set to 24)
(note: file ./output/time_series/mh_kd_depression_primary_admission_imd.eps not
>  found)
(file ./output/time_series/mh_kd_depression_primary_admission_imd.eps written i
> n EPS format)
(note: file ./output/time_series/mh_ac_depression_primary_admission_imd.eps not
>  found)
(file ./output/time_series/mh_ac_depression_primary_admission_imd.eps written i
> n EPS format)
(5 vars, 24 obs)
       panel variable:  imd (strongly balanced)
        time variable:  month, 2020m3 to 2020m6
                delta:  1 month
(n() set to 24)
(n() set to 24)
(n() set to 24)
(n() set to 24)
(n() set to 24)
(note: file ./output/time_series/mh_kd_anxiety_primary_admission_imd.eps not fo
> und)
(file ./output/time_series/mh_kd_anxiety_primary_admission_imd.eps written in E
> PS format)
(note: file ./output/time_series/mh_ac_anxiety_primary_admission_imd.eps not fo
> und)
(file ./output/time_series/mh_ac_anxiety_primary_admission_imd.eps written in E
> PS format)
(5 vars, 24 obs)
       panel variable:  imd (strongly balanced)
        time variable:  month, 2020m3 to 2020m6
                delta:  1 month
(n() set to 24)
(n() set to 24)
(n() set to 24)
(n() set to 24)
(n() set to 24)
(note: file ./output/time_series/mh_kd_smi_primary_admission_imd.eps not found)
(file ./output/time_series/mh_kd_smi_primary_admission_imd.eps written in EPS f
> ormat)
(note: file ./output/time_series/mh_ac_smi_primary_admission_imd.eps not found)
(file ./output/time_series/mh_ac_smi_primary_admission_imd.eps written in EPS f
> ormat)
(5 vars, 24 obs)
       panel variable:  imd (strongly balanced)
        time variable:  month, 2020m3 to 2020m6
                delta:  1 month
(n() set to 24)
(n() set to 24)
(n() set to 24)
(n() set to 24)
(n() set to 24)
(note: file ./output/time_series/mh_kd_self_harm_primary_admission_imd.eps not 
> found)
(file ./output/time_series/mh_kd_self_harm_primary_admission_imd.eps written in
>  EPS format)
(note: file ./output/time_series/mh_ac_self_harm_primary_admission_imd.eps not 
> found)
(file ./output/time_series/mh_ac_self_harm_primary_admission_imd.eps written in
>  EPS format)
(5 vars, 24 obs)
       panel variable:  imd (strongly balanced)
        time variable:  month, 2020m3 to 2020m6
                delta:  1 month
(n() set to 24)
(n() set to 24)
(n() set to 24)
(n() set to 24)
(n() set to 24)
(note: file ./output/time_series/mh_kd_eating_dis_primary_admission_imd.eps not
>  found)
(file ./output/time_series/mh_kd_eating_dis_primary_admission_imd.eps written i
> n EPS format)
(note: file ./output/time_series/mh_ac_eating_dis_primary_admission_imd.eps not
>  found)
(file ./output/time_series/mh_ac_eating_dis_primary_admission_imd.eps written i
> n EPS format)
(5 vars, 24 obs)
       panel variable:  imd (strongly balanced)
        time variable:  month, 2020m3 to 2020m6
                delta:  1 month
(n() set to 24)
(n() set to 24)
(n() set to 24)
(n() set to 24)
(n() set to 24)
(note: file ./output/time_series/mh_kd_ocd_primary_admission_imd.eps not found)
(file ./output/time_series/mh_kd_ocd_primary_admission_imd.eps written in EPS f
> ormat)
(note: file ./output/time_series/mh_ac_ocd_primary_admission_imd.eps not found)
(file ./output/time_series/mh_ac_ocd_primary_admission_imd.eps written in EPS f
> ormat)
(5 vars, 24 obs)
       panel variable:  imd (strongly balanced)
        time variable:  month, 2020m3 to 2020m6
                delta:  1 month
(n() set to 24)
(n() set to 24)
(n() set to 24)
(n() set to 24)
(n() set to 24)
(note: file ./output/time_series/mh_kd_anxiety_emergency_imd.eps not found)
(file ./output/time_series/mh_kd_anxiety_emergency_imd.eps written in EPS forma
> t)
(note: file ./output/time_series/mh_ac_anxiety_emergency_imd.eps not found)
(file ./output/time_series/mh_ac_anxiety_emergency_imd.eps written in EPS forma
> t)
(5 vars, 24 obs)
       panel variable:  imd (strongly balanced)
        time variable:  month, 2020m3 to 2020m6
                delta:  1 month
(n() set to 24)
(n() set to 24)
(n() set to 24)
(n() set to 24)
(n() set to 24)
(note: file ./output/time_series/mh_kd_smi_emergency_imd.eps not found)
(file ./output/time_series/mh_kd_smi_emergency_imd.eps written in EPS format)
(note: file ./output/time_series/mh_ac_smi_emergency_imd.eps not found)
(file ./output/time_series/mh_ac_smi_emergency_imd.eps written in EPS format)
(5 vars, 24 obs)
       panel variable:  imd (strongly balanced)
        time variable:  month, 2020m3 to 2020m6
                delta:  1 month
(n() set to 24)
(n() set to 24)
(n() set to 24)
(n() set to 24)
(n() set to 24)
(note: file ./output/time_series/mh_kd_self_harm_emergency_imd.eps not found)
(file ./output/time_series/mh_kd_self_harm_emergency_imd.eps written in EPS for
> mat)
(note: file ./output/time_series/mh_ac_self_harm_emergency_imd.eps not found)
(file ./output/time_series/mh_ac_self_harm_emergency_imd.eps written in EPS for
> mat)
(5 vars, 24 obs)
       panel variable:  imd (strongly balanced)
        time variable:  month, 2020m3 to 2020m6
                delta:  1 month
(n() set to 24)
(n() set to 24)
(n() set to 24)
(n() set to 24)
(n() set to 24)
(note: file ./output/time_series/mh_kd_eating_dis_emergency_imd.eps not found)
(file ./output/time_series/mh_kd_eating_dis_emergency_imd.eps written in EPS fo
> rmat)
(note: file ./output/time_series/mh_ac_eating_dis_emergency_imd.eps not found)
(file ./output/time_series/mh_ac_eating_dis_emergency_imd.eps written in EPS fo
> rmat)
(5 vars, 24 obs)
       panel variable:  imd (strongly balanced)
        time variable:  month, 2020m3 to 2020m6
                delta:  1 month
(n() set to 24)
(n() set to 24)
(n() set to 24)
(n() set to 24)
(n() set to 24)
(note: file ./output/time_series/mh_kd_ocd_emergency_imd.eps not found)
(file ./output/time_series/mh_kd_ocd_emergency_imd.eps written in EPS format)
(note: file ./output/time_series/mh_ac_ocd_emergency_imd.eps not found)
(file ./output/time_series/mh_ac_ocd_emergency_imd.eps written in EPS format)

. 
. 
. log close
      name:  <unnamed>
       log:  /workspace/logs/model_checks_mh.log
  log type:  text
 closed on:  29 Apr 2022, 11:28:51
-------------------------------------------------------------------------------
