-------------------------------------------------------------------------------
      name:  <unnamed>
       log:  /workspace/logs/table1_descriptives.log
  log type:  text
 opened on:   7 Jun 2022, 13:14:38

. 
. cap mkdir ./output/tables

. 
. * Create  baseline tables for 3 years
. forvalues i=2019/2021 {
  2. * Import csv file
.     import delimited ./output/measures/tables/input_tables_`i'-01-01.csv, cle
> ar
  3.     *update variable with missing so that . is shown as unknown (just for 
> this table)
.     *(1) ethnicity
.     replace ethnicity=6 if ethnicity==.
  4.     label define eth5                   1 "White"                         
>               ///
>                                 2 "Mixed"                               ///  
>                                            
>                                 3 "Asian"                                    
>    ///
>                                 4 "Black"                                    
>    ///
>                                 5 "Other"                                    
>    ///
>                                 6 "Unknown"
  5.                         
. 
.     label values ethnicity eth5
  6.     safetab ethnicity, m
  7.     *(2) IMD
.     replace imd=6 if imd==0
  8. 
.     * Create age categories
.     egen age_cat = cut(age), at(18, 40, 60, 80, 120) icodes
  9.     label define age 0 "18 - 40 years" 1 "41 - 60 years" 2 "61 - 80 years"
>  3 ">80 years"
 10.     label values age_cat age
 11. 
.     preserve
 12.     * Create baseline table
.     table1_mc, vars(age_cat cate \ sex cate \ ethnicity cate \ eth cate \ eth
> nicity_sus cate \ imd cate \ region cate \ has_t1_diabetes cate ///
>     \ has_t2_diabetes cate \ has_asthma cate \ has_copd cate \ cvd_subgroup c
> ate \ mh_subgroup cate) clear
 13.     export delimited using ./output/tables/baseline_table_`i'.csv
 14.     restore
 15.     drop if ethnicity==6
 16.     gen white = (ethnicity==1)
 17.     gen mixed = (ethnicity==2)
 18.     gen asian = (ethnicity==3)
 19.     gen black = (ethnicity==4)
 20.     gen other = (ethnicity==5)
 21. 
.     tempfile tempfile
 22.     preserve
 23.     keep if ethnicity==1
 24.     table1_mc, vars(age_cat cate \ sex cate \ imd cate \ region cate \ has
> _t1_diabetes cate ///
>     \ has_t2_diabetes cate \ has_asthma cate \ has_copd cate \ cvd_subgroup c
> ate \ mh_subgroup cate) clear
 25.     save `tempfile', replace
 26.     restore
 27.     forvalues j=2/5 {
 28.       preserve
 29.       keep if ethnicity==`j'
 30.       table1_mc, vars(age_cat cate \ sex cate \ imd cate \ region cate \  
> has_t1_diabetes cate ///
>       \ has_t2_diabetes cate \ has_asthma cate \ has_copd cate \ cvd_subgroup
>  cate \ mh_subgroup cate) clear
 31.       append using `tempfile'
 32.       save `tempfile', replace
 33.       restore
 34.       }
 35.     use `tempfile', clear
 36.     export delimited using ./output/tables/baseline_table_strata`i'.csv
 37.     }
(17 vars, 1,000 obs)
(0 real changes made)
10

  ethnicity |      Freq.     Percent        Cum.
------------+-----------------------------------
      White |        192       19.20       19.20
      Mixed |        203       20.30       39.50
      Asian |        223       22.30       61.80
      Black |        189       18.90       80.70
      Other |        193       19.30      100.00
------------+-----------------------------------
      Total |      1,000      100.00
(55 real changes made)
(225 missing values generated)

  +-------------------------------+
  | factor              N_1   m_1 |
  |-------------------------------|
  | age_cat             775   225 |
  |-------------------------------|
  | sex               1,000     0 |
  |-------------------------------|
  | ethnicity         1,000     0 |
  |-------------------------------|
  | eth               1,000     0 |
  |-------------------------------|
  | ethnicity_sus     1,000     0 |
  |-------------------------------|
  | imd               1,000     0 |
  |-------------------------------|
  | region            1,000     0 |
  |-------------------------------|
  | has_t1_diabetes   1,000     0 |
  |-------------------------------|
  | has_t2_diabetes   1,000     0 |
  |-------------------------------|
  | has_asthma        1,000     0 |
  |-------------------------------|
  | has_copd          1,000     0 |
  |-------------------------------|
  | cvd_subgroup      1,000     0 |
  |-------------------------------|
  | mh_subgroup       1,000     0 |
  +-------------------------------+
   N_ ... #records used below,   m_ ... #records not used
 
  +----------------------------------------------------------+
  |                                              Total       |
  |----------------------------------------------------------|
  |                                              N=1,000     |
  |----------------------------------------------------------|
  | age_cat           18 - 40 years              269 (34.7%) |
  |                   41 - 60 years              273 (35.2%) |
  |                   61 - 80 years              188 (24.3%) |
  |                   >80 years                  45 ( 5.8%)  |
  |----------------------------------------------------------|
  | sex               F                          506 (50.6%) |
  |                   M                          488 (48.8%) |
  |                   U                          6 ( 0.6%)   |
  |----------------------------------------------------------|
  | ethnicity         White                      192 (19.2%) |
  |                   Mixed                      203 (20.3%) |
  |                   Asian                      223 (22.3%) |
  |                   Black                      189 (18.9%) |
  |                   Other                      193 (19.3%) |
  |----------------------------------------------------------|
  | eth               1                          220 (22.0%) |
  |                   2                          192 (19.2%) |
  |                   3                          211 (21.1%) |
  |                   4                          175 (17.5%) |
  |                   5                          202 (20.2%) |
  |----------------------------------------------------------|
  | ethnicity_sus     1                          184 (18.4%) |
  |                   2                          204 (20.4%) |
  |                   3                          204 (20.4%) |
  |                   4                          213 (21.3%) |
  |                   5                          195 (19.5%) |
  |----------------------------------------------------------|
  | imd               1                          204 (20.4%) |
  |                   2                          178 (17.8%) |
  |                   3                          187 (18.7%) |
  |                   4                          189 (18.9%) |
  |                   5                          187 (18.7%) |
  |                   6                          55 ( 5.5%)  |
  |----------------------------------------------------------|
  | region            East Midlands              105 (10.5%) |
  |                   East of England            89 ( 8.9%)  |
  |                   London                     205 (20.5%) |
  |                   North East                 104 (10.4%) |
  |                   North West                 80 ( 8.0%)  |
  |                   South East                 220 (22.0%) |
  |                   West Midlands              93 ( 9.3%)  |
  |                   Yorkshire and the Humber   104 (10.4%) |
  |----------------------------------------------------------|
  | has_t1_diabetes   0                          800 (80.0%) |
  |                   1                          200 (20.0%) |
  |----------------------------------------------------------|
  | has_t2_diabetes   0                          199 (19.9%) |
  |                   1                          801 (80.1%) |
  |----------------------------------------------------------|
  | has_asthma        0                          800 (80.0%) |
  |                   1                          200 (20.0%) |
  |----------------------------------------------------------|
  | has_copd          0                          950 (95.0%) |
  |                   1                          50 ( 5.0%)  |
  |----------------------------------------------------------|
  | cvd_subgroup      0                          950 (95.0%) |
  |                   1                          50 ( 5.0%)  |
  |----------------------------------------------------------|
  | mh_subgroup       0                          800 (80.0%) |
  |                   1                          200 (20.0%) |
  +----------------------------------------------------------+
Data are presented as n (%).
 
file ./output/tables/baseline_table_2019.csv saved
(0 observations deleted)
(808 observations deleted)

  +-----------------------------+
  | factor            N_1   m_1 |
  |-----------------------------|
  | age_cat           155    37 |
  |-----------------------------|
  | sex               192     0 |
  |-----------------------------|
  | imd               192     0 |
  |-----------------------------|
  | region            192     0 |
  |-----------------------------|
  | has_t1_diabetes   192     0 |
  |-----------------------------|
  | has_t2_diabetes   192     0 |
  |-----------------------------|
  | has_asthma        192     0 |
  |-----------------------------|
  | has_copd          192     0 |
  |-----------------------------|
  | cvd_subgroup      192     0 |
  |-----------------------------|
  | mh_subgroup       192     0 |
  +-----------------------------+
   N_ ... #records used below,   m_ ... #records not used
 
  +----------------------------------------------------------+
  |                                              Total       |
  |----------------------------------------------------------|
  |                                              N=192       |
  |----------------------------------------------------------|
  | age_cat           18 - 40 years              56 (36.1%)  |
  |                   41 - 60 years              56 (36.1%)  |
  |                   61 - 80 years              31 (20.0%)  |
  |                   >80 years                  12 ( 7.7%)  |
  |----------------------------------------------------------|
  | sex               F                          106 (55.2%) |
  |                   M                          86 (44.8%)  |
  |----------------------------------------------------------|
  | imd               1                          34 (17.7%)  |
  |                   2                          27 (14.1%)  |
  |                   3                          28 (14.6%)  |
  |                   4                          47 (24.5%)  |
  |                   5                          46 (24.0%)  |
  |                   6                          10 ( 5.2%)  |
  |----------------------------------------------------------|
  | region            East Midlands              20 (10.4%)  |
  |                   East of England            21 (10.9%)  |
  |                   London                     43 (22.4%)  |
  |                   North East                 18 ( 9.4%)  |
  |                   North West                 16 ( 8.3%)  |
  |                   South East                 42 (21.9%)  |
  |                   West Midlands              13 ( 6.8%)  |
  |                   Yorkshire and the Humber   19 ( 9.9%)  |
  |----------------------------------------------------------|
  | has_t1_diabetes   0                          154 (80.2%) |
  |                   1                          38 (19.8%)  |
  |----------------------------------------------------------|
  | has_t2_diabetes   0                          37 (19.3%)  |
  |                   1                          155 (80.7%) |
  |----------------------------------------------------------|
  | has_asthma        0                          155 (80.7%) |
  |                   1                          37 (19.3%)  |
  |----------------------------------------------------------|
  | has_copd          0                          184 (95.8%) |
  |                   1                          8 ( 4.2%)   |
  |----------------------------------------------------------|
  | cvd_subgroup      0                          183 (95.3%) |
  |                   1                          9 ( 4.7%)   |
  |----------------------------------------------------------|
  | mh_subgroup       0                          154 (80.2%) |
  |                   1                          38 (19.8%)  |
  +----------------------------------------------------------+
Data are presented as n (%).
 
(note: file /tmp/St00011.000002 not found)
file /tmp/St00011.000002 saved
(797 observations deleted)

  +-----------------------------+
  | factor            N_1   m_1 |
  |-----------------------------|
  | age_cat           160    43 |
  |-----------------------------|
  | sex               203     0 |
  |-----------------------------|
  | imd               203     0 |
  |-----------------------------|
  | region            203     0 |
  |-----------------------------|
  | has_t1_diabetes   203     0 |
  |-----------------------------|
  | has_t2_diabetes   203     0 |
  |-----------------------------|
  | has_asthma        203     0 |
  |-----------------------------|
  | has_copd          203     0 |
  |-----------------------------|
  | cvd_subgroup      203     0 |
  |-----------------------------|
  | mh_subgroup       203     0 |
  +-----------------------------+
   N_ ... #records used below,   m_ ... #records not used
 
  +----------------------------------------------------------+
  |                                              Total       |
  |----------------------------------------------------------|
  |                                              N=203       |
  |----------------------------------------------------------|
  | age_cat           18 - 40 years              55 (34.4%)  |
  |                   41 - 60 years              56 (35.0%)  |
  |                   61 - 80 years              38 (23.8%)  |
  |                   >80 years                  11 ( 6.9%)  |
  |----------------------------------------------------------|
  | sex               F                          101 (49.8%) |
  |                   M                          98 (48.3%)  |
  |                   U                          4 ( 2.0%)   |
  |----------------------------------------------------------|
  | imd               1                          36 (17.7%)  |
  |                   2                          38 (18.7%)  |
  |                   3                          44 (21.7%)  |
  |                   4                          34 (16.7%)  |
  |                   5                          39 (19.2%)  |
  |                   6                          12 ( 5.9%)  |
  |----------------------------------------------------------|
  | region            East Midlands              17 ( 8.4%)  |
  |                   East of England            18 ( 8.9%)  |
  |                   London                     37 (18.2%)  |
  |                   North East                 26 (12.8%)  |
  |                   North West                 19 ( 9.4%)  |
  |                   South East                 47 (23.2%)  |
  |                   West Midlands              18 ( 8.9%)  |
  |                   Yorkshire and the Humber   21 (10.3%)  |
  |----------------------------------------------------------|
  | has_t1_diabetes   0                          164 (80.8%) |
  |                   1                          39 (19.2%)  |
  |----------------------------------------------------------|
  | has_t2_diabetes   0                          36 (17.7%)  |
  |                   1                          167 (82.3%) |
  |----------------------------------------------------------|
  | has_asthma        0                          166 (81.8%) |
  |                   1                          37 (18.2%)  |
  |----------------------------------------------------------|
  | has_copd          0                          192 (94.6%) |
  |                   1                          11 ( 5.4%)  |
  |----------------------------------------------------------|
  | cvd_subgroup      0                          196 (96.6%) |
  |                   1                          7 ( 3.4%)   |
  |----------------------------------------------------------|
  | mh_subgroup       0                          166 (81.8%) |
  |                   1                          37 (18.2%)  |
  +----------------------------------------------------------+
Data are presented as n (%).
 
file /tmp/St00011.000002 saved
(777 observations deleted)

  +-----------------------------+
  | factor            N_1   m_1 |
  |-----------------------------|
  | age_cat           165    58 |
  |-----------------------------|
  | sex               223     0 |
  |-----------------------------|
  | imd               223     0 |
  |-----------------------------|
  | region            223     0 |
  |-----------------------------|
  | has_t1_diabetes   223     0 |
  |-----------------------------|
  | has_t2_diabetes   223     0 |
  |-----------------------------|
  | has_asthma        223     0 |
  |-----------------------------|
  | has_copd          223     0 |
  |-----------------------------|
  | cvd_subgroup      223     0 |
  |-----------------------------|
  | mh_subgroup       223     0 |
  +-----------------------------+
   N_ ... #records used below,   m_ ... #records not used
 
  +----------------------------------------------------------+
  |                                              Total       |
  |----------------------------------------------------------|
  |                                              N=223       |
  |----------------------------------------------------------|
  | age_cat           18 - 40 years              49 (29.7%)  |
  |                   41 - 60 years              61 (37.0%)  |
  |                   61 - 80 years              45 (27.3%)  |
  |                   >80 years                  10 ( 6.1%)  |
  |----------------------------------------------------------|
  | sex               F                          105 (47.1%) |
  |                   M                          118 (52.9%) |
  |----------------------------------------------------------|
  | imd               1                          53 (23.8%)  |
  |                   2                          38 (17.0%)  |
  |                   3                          36 (16.1%)  |
  |                   4                          43 (19.3%)  |
  |                   5                          35 (15.7%)  |
  |                   6                          18 ( 8.1%)  |
  |----------------------------------------------------------|
  | region            East Midlands              31 (13.9%)  |
  |                   East of England            18 ( 8.1%)  |
  |                   London                     41 (18.4%)  |
  |                   North East                 21 ( 9.4%)  |
  |                   North West                 21 ( 9.4%)  |
  |                   South East                 50 (22.4%)  |
  |                   West Midlands              22 ( 9.9%)  |
  |                   Yorkshire and the Humber   19 ( 8.5%)  |
  |----------------------------------------------------------|
  | has_t1_diabetes   0                          174 (78.0%) |
  |                   1                          49 (22.0%)  |
  |----------------------------------------------------------|
  | has_t2_diabetes   0                          52 (23.3%)  |
  |                   1                          171 (76.7%) |
  |----------------------------------------------------------|
  | has_asthma        0                          182 (81.6%) |
  |                   1                          41 (18.4%)  |
  |----------------------------------------------------------|
  | has_copd          0                          210 (94.2%) |
  |                   1                          13 ( 5.8%)  |
  |----------------------------------------------------------|
  | cvd_subgroup      0                          214 (96.0%) |
  |                   1                          9 ( 4.0%)   |
  |----------------------------------------------------------|
  | mh_subgroup       0                          182 (81.6%) |
  |                   1                          41 (18.4%)  |
  +----------------------------------------------------------+
Data are presented as n (%).
 
file /tmp/St00011.000002 saved
(811 observations deleted)

  +-----------------------------+
  | factor            N_1   m_1 |
  |-----------------------------|
  | age_cat           144    45 |
  |-----------------------------|
  | sex               189     0 |
  |-----------------------------|
  | imd               189     0 |
  |-----------------------------|
  | region            189     0 |
  |-----------------------------|
  | has_t1_diabetes   189     0 |
  |-----------------------------|
  | has_t2_diabetes   189     0 |
  |-----------------------------|
  | has_asthma        189     0 |
  |-----------------------------|
  | has_copd          189     0 |
  |-----------------------------|
  | cvd_subgroup      189     0 |
  |-----------------------------|
  | mh_subgroup       189     0 |
  +-----------------------------+
   N_ ... #records used below,   m_ ... #records not used
 
  +----------------------------------------------------------+
  |                                              Total       |
  |----------------------------------------------------------|
  |                                              N=189       |
  |----------------------------------------------------------|
  | age_cat           18 - 40 years              57 (39.6%)  |
  |                   41 - 60 years              54 (37.5%)  |
  |                   61 - 80 years              29 (20.1%)  |
  |                   >80 years                  4 ( 2.8%)   |
  |----------------------------------------------------------|
  | sex               F                          107 (56.6%) |
  |                   M                          81 (42.9%)  |
  |                   U                          1 ( 0.5%)   |
  |----------------------------------------------------------|
  | imd               1                          44 (23.3%)  |
  |                   2                          42 (22.2%)  |
  |                   3                          38 (20.1%)  |
  |                   4                          26 (13.8%)  |
  |                   5                          32 (16.9%)  |
  |                   6                          7 ( 3.7%)   |
  |----------------------------------------------------------|
  | region            East Midlands              19 (10.1%)  |
  |                   East of England            13 ( 6.9%)  |
  |                   London                     42 (22.2%)  |
  |                   North East                 19 (10.1%)  |
  |                   North West                 14 ( 7.4%)  |
  |                   South East                 39 (20.6%)  |
  |                   West Midlands              22 (11.6%)  |
  |                   Yorkshire and the Humber   21 (11.1%)  |
  |----------------------------------------------------------|
  | has_t1_diabetes   0                          154 (81.5%) |
  |                   1                          35 (18.5%)  |
  |----------------------------------------------------------|
  | has_t2_diabetes   0                          27 (14.3%)  |
  |                   1                          162 (85.7%) |
  |----------------------------------------------------------|
  | has_asthma        0                          141 (74.6%) |
  |                   1                          48 (25.4%)  |
  |----------------------------------------------------------|
  | has_copd          0                          182 (96.3%) |
  |                   1                          7 ( 3.7%)   |
  |----------------------------------------------------------|
  | cvd_subgroup      0                          179 (94.7%) |
  |                   1                          10 ( 5.3%)  |
  |----------------------------------------------------------|
  | mh_subgroup       0                          144 (76.2%) |
  |                   1                          45 (23.8%)  |
  +----------------------------------------------------------+
Data are presented as n (%).
 
file /tmp/St00011.000002 saved
(807 observations deleted)

  +-----------------------------+
  | factor            N_1   m_1 |
  |-----------------------------|
  | age_cat           151    42 |
  |-----------------------------|
  | sex               193     0 |
  |-----------------------------|
  | imd               193     0 |
  |-----------------------------|
  | region            193     0 |
  |-----------------------------|
  | has_t1_diabetes   193     0 |
  |-----------------------------|
  | has_t2_diabetes   193     0 |
  |-----------------------------|
  | has_asthma        193     0 |
  |-----------------------------|
  | has_copd          193     0 |
  |-----------------------------|
  | cvd_subgroup      193     0 |
  |-----------------------------|
  | mh_subgroup       193     0 |
  +-----------------------------+
   N_ ... #records used below,   m_ ... #records not used
 
  +----------------------------------------------------------+
  |                                              Total       |
  |----------------------------------------------------------|
  |                                              N=193       |
  |----------------------------------------------------------|
  | age_cat           18 - 40 years              52 (34.4%)  |
  |                   41 - 60 years              46 (30.5%)  |
  |                   61 - 80 years              45 (29.8%)  |
  |                   >80 years                  8 ( 5.3%)   |
  |----------------------------------------------------------|
  | sex               F                          87 (45.1%)  |
  |                   M                          105 (54.4%) |
  |                   U                          1 ( 0.5%)   |
  |----------------------------------------------------------|
  | imd               1                          37 (19.2%)  |
  |                   2                          33 (17.1%)  |
  |                   3                          41 (21.2%)  |
  |                   4                          39 (20.2%)  |
  |                   5                          35 (18.1%)  |
  |                   6                          8 ( 4.1%)   |
  |----------------------------------------------------------|
  | region            East Midlands              18 ( 9.3%)  |
  |                   East of England            19 ( 9.8%)  |
  |                   London                     42 (21.8%)  |
  |                   North East                 20 (10.4%)  |
  |                   North West                 10 ( 5.2%)  |
  |                   South East                 42 (21.8%)  |
  |                   West Midlands              18 ( 9.3%)  |
  |                   Yorkshire and the Humber   24 (12.4%)  |
  |----------------------------------------------------------|
  | has_t1_diabetes   0                          154 (79.8%) |
  |                   1                          39 (20.2%)  |
  |----------------------------------------------------------|
  | has_t2_diabetes   0                          47 (24.4%)  |
  |                   1                          146 (75.6%) |
  |----------------------------------------------------------|
  | has_asthma        0                          156 (80.8%) |
  |                   1                          37 (19.2%)  |
  |----------------------------------------------------------|
  | has_copd          0                          182 (94.3%) |
  |                   1                          11 ( 5.7%)  |
  |----------------------------------------------------------|
  | cvd_subgroup      0                          178 (92.2%) |
  |                   1                          15 ( 7.8%)  |
  |----------------------------------------------------------|
  | mh_subgroup       0                          154 (79.8%) |
  |                   1                          39 (20.2%)  |
  +----------------------------------------------------------+
Data are presented as n (%).
 
file /tmp/St00011.000002 saved
file ./output/tables/baseline_table_strata2019.csv saved
(17 vars, 1,000 obs)
(0 real changes made)
10

  ethnicity |      Freq.     Percent        Cum.
------------+-----------------------------------
      White |        219       21.90       21.90
      Mixed |        186       18.60       40.50
      Asian |        174       17.40       57.90
      Black |        225       22.50       80.40
      Other |        196       19.60      100.00
------------+-----------------------------------
      Total |      1,000      100.00
(50 real changes made)
(223 missing values generated)

  +-------------------------------+
  | factor              N_1   m_1 |
  |-------------------------------|
  | age_cat             777   223 |
  |-------------------------------|
  | sex               1,000     0 |
  |-------------------------------|
  | ethnicity         1,000     0 |
  |-------------------------------|
  | eth               1,000     0 |
  |-------------------------------|
  | ethnicity_sus     1,000     0 |
  |-------------------------------|
  | imd               1,000     0 |
  |-------------------------------|
  | region            1,000     0 |
  |-------------------------------|
  | has_t1_diabetes   1,000     0 |
  |-------------------------------|
  | has_t2_diabetes   1,000     0 |
  |-------------------------------|
  | has_asthma        1,000     0 |
  |-------------------------------|
  | has_copd          1,000     0 |
  |-------------------------------|
  | cvd_subgroup      1,000     0 |
  |-------------------------------|
  | mh_subgroup       1,000     0 |
  +-------------------------------+
   N_ ... #records used below,   m_ ... #records not used
 
  +----------------------------------------------------------+
  |                                              Total       |
  |----------------------------------------------------------|
  |                                              N=1,000     |
  |----------------------------------------------------------|
  | age_cat           18 - 40 years              274 (35.3%) |
  |                   41 - 60 years              254 (32.7%) |
  |                   61 - 80 years              194 (25.0%) |
  |                   >80 years                  55 ( 7.1%)  |
  |----------------------------------------------------------|
  | sex               F                          491 (49.1%) |
  |                   M                          504 (50.4%) |
  |                   U                          5 ( 0.5%)   |
  |----------------------------------------------------------|
  | ethnicity         White                      219 (21.9%) |
  |                   Mixed                      186 (18.6%) |
  |                   Asian                      174 (17.4%) |
  |                   Black                      225 (22.5%) |
  |                   Other                      196 (19.6%) |
  |----------------------------------------------------------|
  | eth               1                          218 (21.8%) |
  |                   2                          179 (17.9%) |
  |                   3                          221 (22.1%) |
  |                   4                          182 (18.2%) |
  |                   5                          200 (20.0%) |
  |----------------------------------------------------------|
  | ethnicity_sus     1                          200 (20.0%) |
  |                   2                          202 (20.2%) |
  |                   3                          198 (19.8%) |
  |                   4                          203 (20.3%) |
  |                   5                          197 (19.7%) |
  |----------------------------------------------------------|
  | imd               1                          185 (18.5%) |
  |                   2                          179 (17.9%) |
  |                   3                          185 (18.5%) |
  |                   4                          192 (19.2%) |
  |                   5                          209 (20.9%) |
  |                   6                          50 ( 5.0%)  |
  |----------------------------------------------------------|
  | region            East Midlands              75 ( 7.5%)  |
  |                   East of England            119 (11.9%) |
  |                   London                     220 (22.0%) |
  |                   North East                 79 ( 7.9%)  |
  |                   North West                 85 ( 8.5%)  |
  |                   South East                 212 (21.2%) |
  |                   West Midlands              107 (10.7%) |
  |                   Yorkshire and the Humber   103 (10.3%) |
  |----------------------------------------------------------|
  | has_t1_diabetes   0                          800 (80.0%) |
  |                   1                          200 (20.0%) |
  |----------------------------------------------------------|
  | has_t2_diabetes   0                          199 (19.9%) |
  |                   1                          801 (80.1%) |
  |----------------------------------------------------------|
  | has_asthma        0                          800 (80.0%) |
  |                   1                          200 (20.0%) |
  |----------------------------------------------------------|
  | has_copd          0                          950 (95.0%) |
  |                   1                          50 ( 5.0%)  |
  |----------------------------------------------------------|
  | cvd_subgroup      0                          950 (95.0%) |
  |                   1                          50 ( 5.0%)  |
  |----------------------------------------------------------|
  | mh_subgroup       0                          800 (80.0%) |
  |                   1                          200 (20.0%) |
  +----------------------------------------------------------+
Data are presented as n (%).
 
file ./output/tables/baseline_table_2020.csv saved
(0 observations deleted)
(781 observations deleted)

  +-----------------------------+
  | factor            N_1   m_1 |
  |-----------------------------|
  | age_cat           178    41 |
  |-----------------------------|
  | sex               219     0 |
  |-----------------------------|
  | imd               219     0 |
  |-----------------------------|
  | region            219     0 |
  |-----------------------------|
  | has_t1_diabetes   219     0 |
  |-----------------------------|
  | has_t2_diabetes   219     0 |
  |-----------------------------|
  | has_asthma        219     0 |
  |-----------------------------|
  | has_copd          219     0 |
  |-----------------------------|
  | cvd_subgroup      219     0 |
  |-----------------------------|
  | mh_subgroup       219     0 |
  +-----------------------------+
   N_ ... #records used below,   m_ ... #records not used
 
  +----------------------------------------------------------+
  |                                              Total       |
  |----------------------------------------------------------|
  |                                              N=219       |
  |----------------------------------------------------------|
  | age_cat           18 - 40 years              70 (39.3%)  |
  |                   41 - 60 years              51 (28.7%)  |
  |                   61 - 80 years              48 (27.0%)  |
  |                   >80 years                  9 ( 5.1%)   |
  |----------------------------------------------------------|
  | sex               F                          109 (49.8%) |
  |                   M                          107 (48.9%) |
  |                   U                          3 ( 1.4%)   |
  |----------------------------------------------------------|
  | imd               1                          41 (18.7%)  |
  |                   2                          35 (16.0%)  |
  |                   3                          44 (20.1%)  |
  |                   4                          55 (25.1%)  |
  |                   5                          35 (16.0%)  |
  |                   6                          9 ( 4.1%)   |
  |----------------------------------------------------------|
  | region            East Midlands              19 ( 8.7%)  |
  |                   East of England            28 (12.8%)  |
  |                   London                     45 (20.5%)  |
  |                   North East                 18 ( 8.2%)  |
  |                   North West                 14 ( 6.4%)  |
  |                   South East                 51 (23.3%)  |
  |                   West Midlands              21 ( 9.6%)  |
  |                   Yorkshire and the Humber   23 (10.5%)  |
  |----------------------------------------------------------|
  | has_t1_diabetes   0                          178 (81.3%) |
  |                   1                          41 (18.7%)  |
  |----------------------------------------------------------|
  | has_t2_diabetes   0                          50 (22.8%)  |
  |                   1                          169 (77.2%) |
  |----------------------------------------------------------|
  | has_asthma        0                          178 (81.3%) |
  |                   1                          41 (18.7%)  |
  |----------------------------------------------------------|
  | has_copd          0                          208 (95.0%) |
  |                   1                          11 ( 5.0%)  |
  |----------------------------------------------------------|
  | cvd_subgroup      0                          208 (95.0%) |
  |                   1                          11 ( 5.0%)  |
  |----------------------------------------------------------|
  | mh_subgroup       0                          175 (79.9%) |
  |                   1                          44 (20.1%)  |
  +----------------------------------------------------------+
Data are presented as n (%).
 
(note: file /tmp/St00011.000009 not found)
file /tmp/St00011.000009 saved
(814 observations deleted)

  +-----------------------------+
  | factor            N_1   m_1 |
  |-----------------------------|
  | age_cat           143    43 |
  |-----------------------------|
  | sex               186     0 |
  |-----------------------------|
  | imd               186     0 |
  |-----------------------------|
  | region            186     0 |
  |-----------------------------|
  | has_t1_diabetes   186     0 |
  |-----------------------------|
  | has_t2_diabetes   186     0 |
  |-----------------------------|
  | has_asthma        186     0 |
  |-----------------------------|
  | has_copd          186     0 |
  |-----------------------------|
  | cvd_subgroup      186     0 |
  |-----------------------------|
  | mh_subgroup       186     0 |
  +-----------------------------+
   N_ ... #records used below,   m_ ... #records not used
 
  +----------------------------------------------------------+
  |                                              Total       |
  |----------------------------------------------------------|
  |                                              N=186       |
  |----------------------------------------------------------|
  | age_cat           18 - 40 years              57 (39.9%)  |
  |                   41 - 60 years              40 (28.0%)  |
  |                   61 - 80 years              33 (23.1%)  |
  |                   >80 years                  13 ( 9.1%)  |
  |----------------------------------------------------------|
  | sex               F                          91 (48.9%)  |
  |                   M                          94 (50.5%)  |
  |                   U                          1 ( 0.5%)   |
  |----------------------------------------------------------|
  | imd               1                          40 (21.5%)  |
  |                   2                          29 (15.6%)  |
  |                   3                          41 (22.0%)  |
  |                   4                          31 (16.7%)  |
  |                   5                          34 (18.3%)  |
  |                   6                          11 ( 5.9%)  |
  |----------------------------------------------------------|
  | region            East Midlands              13 ( 7.0%)  |
  |                   East of England            18 ( 9.7%)  |
  |                   London                     40 (21.5%)  |
  |                   North East                 16 ( 8.6%)  |
  |                   North West                 18 ( 9.7%)  |
  |                   South East                 34 (18.3%)  |
  |                   West Midlands              22 (11.8%)  |
  |                   Yorkshire and the Humber   25 (13.4%)  |
  |----------------------------------------------------------|
  | has_t1_diabetes   0                          149 (80.1%) |
  |                   1                          37 (19.9%)  |
  |----------------------------------------------------------|
  | has_t2_diabetes   0                          38 (20.4%)  |
  |                   1                          148 (79.6%) |
  |----------------------------------------------------------|
  | has_asthma        0                          147 (79.0%) |
  |                   1                          39 (21.0%)  |
  |----------------------------------------------------------|
  | has_copd          0                          177 (95.2%) |
  |                   1                          9 ( 4.8%)   |
  |----------------------------------------------------------|
  | cvd_subgroup      0                          175 (94.1%) |
  |                   1                          11 ( 5.9%)  |
  |----------------------------------------------------------|
  | mh_subgroup       0                          146 (78.5%) |
  |                   1                          40 (21.5%)  |
  +----------------------------------------------------------+
Data are presented as n (%).
 
file /tmp/St00011.000009 saved
(826 observations deleted)

  +-----------------------------+
  | factor            N_1   m_1 |
  |-----------------------------|
  | age_cat           133    41 |
  |-----------------------------|
  | sex               174     0 |
  |-----------------------------|
  | imd               174     0 |
  |-----------------------------|
  | region            174     0 |
  |-----------------------------|
  | has_t1_diabetes   174     0 |
  |-----------------------------|
  | has_t2_diabetes   174     0 |
  |-----------------------------|
  | has_asthma        174     0 |
  |-----------------------------|
  | has_copd          174     0 |
  |-----------------------------|
  | cvd_subgroup      174     0 |
  |-----------------------------|
  | mh_subgroup       174     0 |
  +-----------------------------+
   N_ ... #records used below,   m_ ... #records not used
 
  +----------------------------------------------------------+
  |                                              Total       |
  |----------------------------------------------------------|
  |                                              N=174       |
  |----------------------------------------------------------|
  | age_cat           18 - 40 years              50 (37.6%)  |
  |                   41 - 60 years              39 (29.3%)  |
  |                   61 - 80 years              37 (27.8%)  |
  |                   >80 years                  7 ( 5.3%)   |
  |----------------------------------------------------------|
  | sex               F                          91 (52.3%)  |
  |                   M                          83 (47.7%)  |
  |----------------------------------------------------------|
  | imd               1                          33 (19.0%)  |
  |                   2                          34 (19.5%)  |
  |                   3                          26 (14.9%)  |
  |                   4                          31 (17.8%)  |
  |                   5                          44 (25.3%)  |
  |                   6                          6 ( 3.4%)   |
  |----------------------------------------------------------|
  | region            East Midlands              14 ( 8.0%)  |
  |                   East of England            22 (12.6%)  |
  |                   London                     42 (24.1%)  |
  |                   North East                 11 ( 6.3%)  |
  |                   North West                 17 ( 9.8%)  |
  |                   South East                 33 (19.0%)  |
  |                   West Midlands              22 (12.6%)  |
  |                   Yorkshire and the Humber   13 ( 7.5%)  |
  |----------------------------------------------------------|
  | has_t1_diabetes   0                          149 (85.6%) |
  |                   1                          25 (14.4%)  |
  |----------------------------------------------------------|
  | has_t2_diabetes   0                          32 (18.4%)  |
  |                   1                          142 (81.6%) |
  |----------------------------------------------------------|
  | has_asthma        0                          142 (81.6%) |
  |                   1                          32 (18.4%)  |
  |----------------------------------------------------------|
  | has_copd          0                          164 (94.3%) |
  |                   1                          10 ( 5.7%)  |
  |----------------------------------------------------------|
  | cvd_subgroup      0                          168 (96.6%) |
  |                   1                          6 ( 3.4%)   |
  |----------------------------------------------------------|
  | mh_subgroup       0                          140 (80.5%) |
  |                   1                          34 (19.5%)  |
  +----------------------------------------------------------+
Data are presented as n (%).
 
file /tmp/St00011.000009 saved
(775 observations deleted)

  +-----------------------------+
  | factor            N_1   m_1 |
  |-----------------------------|
  | age_cat           171    54 |
  |-----------------------------|
  | sex               225     0 |
  |-----------------------------|
  | imd               225     0 |
  |-----------------------------|
  | region            225     0 |
  |-----------------------------|
  | has_t1_diabetes   225     0 |
  |-----------------------------|
  | has_t2_diabetes   225     0 |
  |-----------------------------|
  | has_asthma        225     0 |
  |-----------------------------|
  | has_copd          225     0 |
  |-----------------------------|
  | cvd_subgroup      225     0 |
  |-----------------------------|
  | mh_subgroup       225     0 |
  +-----------------------------+
   N_ ... #records used below,   m_ ... #records not used
 
  +----------------------------------------------------------+
  |                                              Total       |
  |----------------------------------------------------------|
  |                                              N=225       |
  |----------------------------------------------------------|
  | age_cat           18 - 40 years              47 (27.5%)  |
  |                   41 - 60 years              71 (41.5%)  |
  |                   61 - 80 years              36 (21.1%)  |
  |                   >80 years                  17 ( 9.9%)  |
  |----------------------------------------------------------|
  | sex               F                          104 (46.2%) |
  |                   M                          120 (53.3%) |
  |                   U                          1 ( 0.4%)   |
  |----------------------------------------------------------|
  | imd               1                          35 (15.6%)  |
  |                   2                          48 (21.3%)  |
  |                   3                          40 (17.8%)  |
  |                   4                          37 (16.4%)  |
  |                   5                          48 (21.3%)  |
  |                   6                          17 ( 7.6%)  |
  |----------------------------------------------------------|
  | region            East Midlands              16 ( 7.1%)  |
  |                   East of England            28 (12.4%)  |
  |                   London                     51 (22.7%)  |
  |                   North East                 17 ( 7.6%)  |
  |                   North West                 17 ( 7.6%)  |
  |                   South East                 49 (21.8%)  |
  |                   West Midlands              22 ( 9.8%)  |
  |                   Yorkshire and the Humber   25 (11.1%)  |
  |----------------------------------------------------------|
  | has_t1_diabetes   0                          185 (82.2%) |
  |                   1                          40 (17.8%)  |
  |----------------------------------------------------------|
  | has_t2_diabetes   0                          47 (20.9%)  |
  |                   1                          178 (79.1%) |
  |----------------------------------------------------------|
  | has_asthma        0                          164 (72.9%) |
  |                   1                          61 (27.1%)  |
  |----------------------------------------------------------|
  | has_copd          0                          215 (95.6%) |
  |                   1                          10 ( 4.4%)  |
  |----------------------------------------------------------|
  | cvd_subgroup      0                          217 (96.4%) |
  |                   1                          8 ( 3.6%)   |
  |----------------------------------------------------------|
  | mh_subgroup       0                          183 (81.3%) |
  |                   1                          42 (18.7%)  |
  +----------------------------------------------------------+
Data are presented as n (%).
 
file /tmp/St00011.000009 saved
(804 observations deleted)

  +-----------------------------+
  | factor            N_1   m_1 |
  |-----------------------------|
  | age_cat           152    44 |
  |-----------------------------|
  | sex               196     0 |
  |-----------------------------|
  | imd               196     0 |
  |-----------------------------|
  | region            196     0 |
  |-----------------------------|
  | has_t1_diabetes   196     0 |
  |-----------------------------|
  | has_t2_diabetes   196     0 |
  |-----------------------------|
  | has_asthma        196     0 |
  |-----------------------------|
  | has_copd          196     0 |
  |-----------------------------|
  | cvd_subgroup      196     0 |
  |-----------------------------|
  | mh_subgroup       196     0 |
  +-----------------------------+
   N_ ... #records used below,   m_ ... #records not used
 
  +----------------------------------------------------------+
  |                                              Total       |
  |----------------------------------------------------------|
  |                                              N=196       |
  |----------------------------------------------------------|
  | age_cat           18 - 40 years              50 (32.9%)  |
  |                   41 - 60 years              53 (34.9%)  |
  |                   61 - 80 years              40 (26.3%)  |
  |                   >80 years                  9 ( 5.9%)   |
  |----------------------------------------------------------|
  | sex               F                          96 (49.0%)  |
  |                   M                          100 (51.0%) |
  |----------------------------------------------------------|
  | imd               1                          36 (18.4%)  |
  |                   2                          33 (16.8%)  |
  |                   3                          34 (17.3%)  |
  |                   4                          38 (19.4%)  |
  |                   5                          48 (24.5%)  |
  |                   6                          7 ( 3.6%)   |
  |----------------------------------------------------------|
  | region            East Midlands              13 ( 6.6%)  |
  |                   East of England            23 (11.7%)  |
  |                   London                     42 (21.4%)  |
  |                   North East                 17 ( 8.7%)  |
  |                   North West                 19 ( 9.7%)  |
  |                   South East                 45 (23.0%)  |
  |                   West Midlands              20 (10.2%)  |
  |                   Yorkshire and the Humber   17 ( 8.7%)  |
  |----------------------------------------------------------|
  | has_t1_diabetes   0                          139 (70.9%) |
  |                   1                          57 (29.1%)  |
  |----------------------------------------------------------|
  | has_t2_diabetes   0                          32 (16.3%)  |
  |                   1                          164 (83.7%) |
  |----------------------------------------------------------|
  | has_asthma        0                          169 (86.2%) |
  |                   1                          27 (13.8%)  |
  |----------------------------------------------------------|
  | has_copd          0                          186 (94.9%) |
  |                   1                          10 ( 5.1%)  |
  |----------------------------------------------------------|
  | cvd_subgroup      0                          182 (92.9%) |
  |                   1                          14 ( 7.1%)  |
  |----------------------------------------------------------|
  | mh_subgroup       0                          156 (79.6%) |
  |                   1                          40 (20.4%)  |
  +----------------------------------------------------------+
Data are presented as n (%).
 
file /tmp/St00011.000009 saved
file ./output/tables/baseline_table_strata2020.csv saved
(17 vars, 1,000 obs)
(0 real changes made)
10

  ethnicity |      Freq.     Percent        Cum.
------------+-----------------------------------
      White |        203       20.30       20.30
      Mixed |        191       19.10       39.40
      Asian |        195       19.50       58.90
      Black |        191       19.10       78.00
      Other |        220       22.00      100.00
------------+-----------------------------------
      Total |      1,000      100.00
(50 real changes made)
(208 missing values generated)

  +-------------------------------+
  | factor              N_1   m_1 |
  |-------------------------------|
  | age_cat             792   208 |
  |-------------------------------|
  | sex               1,000     0 |
  |-------------------------------|
  | ethnicity         1,000     0 |
  |-------------------------------|
  | eth               1,000     0 |
  |-------------------------------|
  | ethnicity_sus     1,000     0 |
  |-------------------------------|
  | imd               1,000     0 |
  |-------------------------------|
  | region            1,000     0 |
  |-------------------------------|
  | has_t1_diabetes   1,000     0 |
  |-------------------------------|
  | has_t2_diabetes   1,000     0 |
  |-------------------------------|
  | has_asthma        1,000     0 |
  |-------------------------------|
  | has_copd          1,000     0 |
  |-------------------------------|
  | cvd_subgroup      1,000     0 |
  |-------------------------------|
  | mh_subgroup       1,000     0 |
  +-------------------------------+
   N_ ... #records used below,   m_ ... #records not used
 
  +----------------------------------------------------------+
  |                                              Total       |
  |----------------------------------------------------------|
  |                                              N=1,000     |
  |----------------------------------------------------------|
  | age_cat           18 - 40 years              277 (35.0%) |
  |                   41 - 60 years              265 (33.5%) |
  |                   61 - 80 years              205 (25.9%) |
  |                   >80 years                  45 ( 5.7%)  |
  |----------------------------------------------------------|
  | sex               F                          504 (50.4%) |
  |                   M                          487 (48.7%) |
  |                   U                          9 ( 0.9%)   |
  |----------------------------------------------------------|
  | ethnicity         White                      203 (20.3%) |
  |                   Mixed                      191 (19.1%) |
  |                   Asian                      195 (19.5%) |
  |                   Black                      191 (19.1%) |
  |                   Other                      220 (22.0%) |
  |----------------------------------------------------------|
  | eth               1                          215 (21.5%) |
  |                   2                          197 (19.7%) |
  |                   3                          192 (19.2%) |
  |                   4                          212 (21.2%) |
  |                   5                          184 (18.4%) |
  |----------------------------------------------------------|
  | ethnicity_sus     1                          178 (17.8%) |
  |                   2                          212 (21.2%) |
  |                   3                          195 (19.5%) |
  |                   4                          210 (21.0%) |
  |                   5                          205 (20.5%) |
  |----------------------------------------------------------|
  | imd               1                          182 (18.2%) |
  |                   2                          175 (17.5%) |
  |                   3                          201 (20.1%) |
  |                   4                          196 (19.6%) |
  |                   5                          196 (19.6%) |
  |                   6                          50 ( 5.0%)  |
  |----------------------------------------------------------|
  | region            East Midlands              100 (10.0%) |
  |                   East of England            102 (10.2%) |
  |                   London                     206 (20.6%) |
  |                   North East                 97 ( 9.7%)  |
  |                   North West                 96 ( 9.6%)  |
  |                   South East                 191 (19.1%) |
  |                   West Midlands              117 (11.7%) |
  |                   Yorkshire and the Humber   91 ( 9.1%)  |
  |----------------------------------------------------------|
  | has_t1_diabetes   0                          800 (80.0%) |
  |                   1                          200 (20.0%) |
  |----------------------------------------------------------|
  | has_t2_diabetes   0                          199 (19.9%) |
  |                   1                          801 (80.1%) |
  |----------------------------------------------------------|
  | has_asthma        0                          800 (80.0%) |
  |                   1                          200 (20.0%) |
  |----------------------------------------------------------|
  | has_copd          0                          950 (95.0%) |
  |                   1                          50 ( 5.0%)  |
  |----------------------------------------------------------|
  | cvd_subgroup      0                          950 (95.0%) |
  |                   1                          50 ( 5.0%)  |
  |----------------------------------------------------------|
  | mh_subgroup       0                          800 (80.0%) |
  |                   1                          200 (20.0%) |
  +----------------------------------------------------------+
Data are presented as n (%).
 
file ./output/tables/baseline_table_2021.csv saved
(0 observations deleted)
(797 observations deleted)

  +-----------------------------+
  | factor            N_1   m_1 |
  |-----------------------------|
  | age_cat           166    37 |
  |-----------------------------|
  | sex               203     0 |
  |-----------------------------|
  | imd               203     0 |
  |-----------------------------|
  | region            203     0 |
  |-----------------------------|
  | has_t1_diabetes   203     0 |
  |-----------------------------|
  | has_t2_diabetes   203     0 |
  |-----------------------------|
  | has_asthma        203     0 |
  |-----------------------------|
  | has_copd          203     0 |
  |-----------------------------|
  | cvd_subgroup      203     0 |
  |-----------------------------|
  | mh_subgroup       203     0 |
  +-----------------------------+
   N_ ... #records used below,   m_ ... #records not used
 
  +----------------------------------------------------------+
  |                                              Total       |
  |----------------------------------------------------------|
  |                                              N=203       |
  |----------------------------------------------------------|
  | age_cat           18 - 40 years              65 (39.2%)  |
  |                   41 - 60 years              46 (27.7%)  |
  |                   61 - 80 years              48 (28.9%)  |
  |                   >80 years                  7 ( 4.2%)   |
  |----------------------------------------------------------|
  | sex               F                          104 (51.2%) |
  |                   M                          97 (47.8%)  |
  |                   U                          2 ( 1.0%)   |
  |----------------------------------------------------------|
  | imd               1                          46 (22.7%)  |
  |                   2                          35 (17.2%)  |
  |                   3                          31 (15.3%)  |
  |                   4                          40 (19.7%)  |
  |                   5                          38 (18.7%)  |
  |                   6                          13 ( 6.4%)  |
  |----------------------------------------------------------|
  | region            East Midlands              19 ( 9.4%)  |
  |                   East of England            23 (11.3%)  |
  |                   London                     41 (20.2%)  |
  |                   North East                 20 ( 9.9%)  |
  |                   North West                 23 (11.3%)  |
  |                   South East                 37 (18.2%)  |
  |                   West Midlands              24 (11.8%)  |
  |                   Yorkshire and the Humber   16 ( 7.9%)  |
  |----------------------------------------------------------|
  | has_t1_diabetes   0                          154 (75.9%) |
  |                   1                          49 (24.1%)  |
  |----------------------------------------------------------|
  | has_t2_diabetes   0                          36 (17.7%)  |
  |                   1                          167 (82.3%) |
  |----------------------------------------------------------|
  | has_asthma        0                          164 (80.8%) |
  |                   1                          39 (19.2%)  |
  |----------------------------------------------------------|
  | has_copd          0                          197 (97.0%) |
  |                   1                          6 ( 3.0%)   |
  |----------------------------------------------------------|
  | cvd_subgroup      0                          192 (94.6%) |
  |                   1                          11 ( 5.4%)  |
  |----------------------------------------------------------|
  | mh_subgroup       0                          164 (80.8%) |
  |                   1                          39 (19.2%)  |
  +----------------------------------------------------------+
Data are presented as n (%).
 
(note: file /tmp/St00011.00000g not found)
file /tmp/St00011.00000g saved
(809 observations deleted)

  +-----------------------------+
  | factor            N_1   m_1 |
  |-----------------------------|
  | age_cat           150    41 |
  |-----------------------------|
  | sex               191     0 |
  |-----------------------------|
  | imd               191     0 |
  |-----------------------------|
  | region            191     0 |
  |-----------------------------|
  | has_t1_diabetes   191     0 |
  |-----------------------------|
  | has_t2_diabetes   191     0 |
  |-----------------------------|
  | has_asthma        191     0 |
  |-----------------------------|
  | has_copd          191     0 |
  |-----------------------------|
  | cvd_subgroup      191     0 |
  |-----------------------------|
  | mh_subgroup       191     0 |
  +-----------------------------+
   N_ ... #records used below,   m_ ... #records not used
 
  +----------------------------------------------------------+
  |                                              Total       |
  |----------------------------------------------------------|
  |                                              N=191       |
  |----------------------------------------------------------|
  | age_cat           18 - 40 years              49 (32.7%)  |
  |                   41 - 60 years              38 (25.3%)  |
  |                   61 - 80 years              49 (32.7%)  |
  |                   >80 years                  14 ( 9.3%)  |
  |----------------------------------------------------------|
  | sex               F                          96 (50.3%)  |
  |                   M                          95 (49.7%)  |
  |----------------------------------------------------------|
  | imd               1                          33 (17.3%)  |
  |                   2                          39 (20.4%)  |
  |                   3                          41 (21.5%)  |
  |                   4                          38 (19.9%)  |
  |                   5                          33 (17.3%)  |
  |                   6                          7 ( 3.7%)   |
  |----------------------------------------------------------|
  | region            East Midlands              17 ( 8.9%)  |
  |                   East of England            22 (11.5%)  |
  |                   London                     37 (19.4%)  |
  |                   North East                 22 (11.5%)  |
  |                   North West                 16 ( 8.4%)  |
  |                   South East                 35 (18.3%)  |
  |                   West Midlands              25 (13.1%)  |
  |                   Yorkshire and the Humber   17 ( 8.9%)  |
  |----------------------------------------------------------|
  | has_t1_diabetes   0                          157 (82.2%) |
  |                   1                          34 (17.8%)  |
  |----------------------------------------------------------|
  | has_t2_diabetes   0                          36 (18.8%)  |
  |                   1                          155 (81.2%) |
  |----------------------------------------------------------|
  | has_asthma        0                          153 (80.1%) |
  |                   1                          38 (19.9%)  |
  |----------------------------------------------------------|
  | has_copd          0                          181 (94.8%) |
  |                   1                          10 ( 5.2%)  |
  |----------------------------------------------------------|
  | cvd_subgroup      0                          184 (96.3%) |
  |                   1                          7 ( 3.7%)   |
  |----------------------------------------------------------|
  | mh_subgroup       0                          152 (79.6%) |
  |                   1                          39 (20.4%)  |
  +----------------------------------------------------------+
Data are presented as n (%).
 
file /tmp/St00011.00000g saved
(805 observations deleted)

  +-----------------------------+
  | factor            N_1   m_1 |
  |-----------------------------|
  | age_cat           159    36 |
  |-----------------------------|
  | sex               195     0 |
  |-----------------------------|
  | imd               195     0 |
  |-----------------------------|
  | region            195     0 |
  |-----------------------------|
  | has_t1_diabetes   195     0 |
  |-----------------------------|
  | has_t2_diabetes   195     0 |
  |-----------------------------|
  | has_asthma        195     0 |
  |-----------------------------|
  | has_copd          195     0 |
  |-----------------------------|
  | cvd_subgroup      195     0 |
  |-----------------------------|
  | mh_subgroup       195     0 |
  +-----------------------------+
   N_ ... #records used below,   m_ ... #records not used
 
  +----------------------------------------------------------+
  |                                              Total       |
  |----------------------------------------------------------|
  |                                              N=195       |
  |----------------------------------------------------------|
  | age_cat           18 - 40 years              47 (29.6%)  |
  |                   41 - 60 years              57 (35.8%)  |
  |                   61 - 80 years              45 (28.3%)  |
  |                   >80 years                  10 ( 6.3%)  |
  |----------------------------------------------------------|
  | sex               F                          98 (50.3%)  |
  |                   M                          96 (49.2%)  |
  |                   U                          1 ( 0.5%)   |
  |----------------------------------------------------------|
  | imd               1                          32 (16.4%)  |
  |                   2                          42 (21.5%)  |
  |                   3                          42 (21.5%)  |
  |                   4                          43 (22.1%)  |
  |                   5                          33 (16.9%)  |
  |                   6                          3 ( 1.5%)   |
  |----------------------------------------------------------|
  | region            East Midlands              17 ( 8.7%)  |
  |                   East of England            19 ( 9.7%)  |
  |                   London                     38 (19.5%)  |
  |                   North East                 17 ( 8.7%)  |
  |                   North West                 18 ( 9.2%)  |
  |                   South East                 44 (22.6%)  |
  |                   West Midlands              22 (11.3%)  |
  |                   Yorkshire and the Humber   20 (10.3%)  |
  |----------------------------------------------------------|
  | has_t1_diabetes   0                          156 (80.0%) |
  |                   1                          39 (20.0%)  |
  |----------------------------------------------------------|
  | has_t2_diabetes   0                          40 (20.5%)  |
  |                   1                          155 (79.5%) |
  |----------------------------------------------------------|
  | has_asthma        0                          149 (76.4%) |
  |                   1                          46 (23.6%)  |
  |----------------------------------------------------------|
  | has_copd          0                          184 (94.4%) |
  |                   1                          11 ( 5.6%)  |
  |----------------------------------------------------------|
  | cvd_subgroup      0                          186 (95.4%) |
  |                   1                          9 ( 4.6%)   |
  |----------------------------------------------------------|
  | mh_subgroup       0                          156 (80.0%) |
  |                   1                          39 (20.0%)  |
  +----------------------------------------------------------+
Data are presented as n (%).
 
file /tmp/St00011.00000g saved
(809 observations deleted)

  +-----------------------------+
  | factor            N_1   m_1 |
  |-----------------------------|
  | age_cat           144    47 |
  |-----------------------------|
  | sex               191     0 |
  |-----------------------------|
  | imd               191     0 |
  |-----------------------------|
  | region            191     0 |
  |-----------------------------|
  | has_t1_diabetes   191     0 |
  |-----------------------------|
  | has_t2_diabetes   191     0 |
  |-----------------------------|
  | has_asthma        191     0 |
  |-----------------------------|
  | has_copd          191     0 |
  |-----------------------------|
  | cvd_subgroup      191     0 |
  |-----------------------------|
  | mh_subgroup       191     0 |
  +-----------------------------+
   N_ ... #records used below,   m_ ... #records not used
 
  +----------------------------------------------------------+
  |                                              Total       |
  |----------------------------------------------------------|
  |                                              N=191       |
  |----------------------------------------------------------|
  | age_cat           18 - 40 years              54 (37.5%)  |
  |                   41 - 60 years              58 (40.3%)  |
  |                   61 - 80 years              27 (18.8%)  |
  |                   >80 years                  5 ( 3.5%)   |
  |----------------------------------------------------------|
  | sex               F                          91 (47.6%)  |
  |                   M                          97 (50.8%)  |
  |                   U                          3 ( 1.6%)   |
  |----------------------------------------------------------|
  | imd               1                          28 (14.7%)  |
  |                   2                          30 (15.7%)  |
  |                   3                          43 (22.5%)  |
  |                   4                          37 (19.4%)  |
  |                   5                          40 (20.9%)  |
  |                   6                          13 ( 6.8%)  |
  |----------------------------------------------------------|
  | region            East Midlands              20 (10.5%)  |
  |                   East of England            18 ( 9.4%)  |
  |                   London                     51 (26.7%)  |
  |                   North East                 15 ( 7.9%)  |
  |                   North West                 19 ( 9.9%)  |
  |                   South East                 33 (17.3%)  |
  |                   West Midlands              20 (10.5%)  |
  |                   Yorkshire and the Humber   15 ( 7.9%)  |
  |----------------------------------------------------------|
  | has_t1_diabetes   0                          160 (83.8%) |
  |                   1                          31 (16.2%)  |
  |----------------------------------------------------------|
  | has_t2_diabetes   0                          42 (22.0%)  |
  |                   1                          149 (78.0%) |
  |----------------------------------------------------------|
  | has_asthma        0                          150 (78.5%) |
  |                   1                          41 (21.5%)  |
  |----------------------------------------------------------|
  | has_copd          0                          181 (94.8%) |
  |                   1                          10 ( 5.2%)  |
  |----------------------------------------------------------|
  | cvd_subgroup      0                          179 (93.7%) |
  |                   1                          12 ( 6.3%)  |
  |----------------------------------------------------------|
  | mh_subgroup       0                          152 (79.6%) |
  |                   1                          39 (20.4%)  |
  +----------------------------------------------------------+
Data are presented as n (%).
 
file /tmp/St00011.00000g saved
(780 observations deleted)

  +-----------------------------+
  | factor            N_1   m_1 |
  |-----------------------------|
  | age_cat           173    47 |
  |-----------------------------|
  | sex               220     0 |
  |-----------------------------|
  | imd               220     0 |
  |-----------------------------|
  | region            220     0 |
  |-----------------------------|
  | has_t1_diabetes   220     0 |
  |-----------------------------|
  | has_t2_diabetes   220     0 |
  |-----------------------------|
  | has_asthma        220     0 |
  |-----------------------------|
  | has_copd          220     0 |
  |-----------------------------|
  | cvd_subgroup      220     0 |
  |-----------------------------|
  | mh_subgroup       220     0 |
  +-----------------------------+
   N_ ... #records used below,   m_ ... #records not used
 
  +----------------------------------------------------------+
  |                                              Total       |
  |----------------------------------------------------------|
  |                                              N=220       |
  |----------------------------------------------------------|
  | age_cat           18 - 40 years              62 (35.8%)  |
  |                   41 - 60 years              66 (38.2%)  |
  |                   61 - 80 years              36 (20.8%)  |
  |                   >80 years                  9 ( 5.2%)   |
  |----------------------------------------------------------|
  | sex               F                          115 (52.3%) |
  |                   M                          102 (46.4%) |
  |                   U                          3 ( 1.4%)   |
  |----------------------------------------------------------|
  | imd               1                          43 (19.5%)  |
  |                   2                          29 (13.2%)  |
  |                   3                          44 (20.0%)  |
  |                   4                          38 (17.3%)  |
  |                   5                          52 (23.6%)  |
  |                   6                          14 ( 6.4%)  |
  |----------------------------------------------------------|
  | region            East Midlands              27 (12.3%)  |
  |                   East of England            20 ( 9.1%)  |
  |                   London                     39 (17.7%)  |
  |                   North East                 23 (10.5%)  |
  |                   North West                 20 ( 9.1%)  |
  |                   South East                 42 (19.1%)  |
  |                   West Midlands              26 (11.8%)  |
  |                   Yorkshire and the Humber   23 (10.5%)  |
  |----------------------------------------------------------|
  | has_t1_diabetes   0                          173 (78.6%) |
  |                   1                          47 (21.4%)  |
  |----------------------------------------------------------|
  | has_t2_diabetes   0                          45 (20.5%)  |
  |                   1                          175 (79.5%) |
  |----------------------------------------------------------|
  | has_asthma        0                          184 (83.6%) |
  |                   1                          36 (16.4%)  |
  |----------------------------------------------------------|
  | has_copd          0                          207 (94.1%) |
  |                   1                          13 ( 5.9%)  |
  |----------------------------------------------------------|
  | cvd_subgroup      0                          209 (95.0%) |
  |                   1                          11 ( 5.0%)  |
  |----------------------------------------------------------|
  | mh_subgroup       0                          176 (80.0%) |
  |                   1                          44 (20.0%)  |
  +----------------------------------------------------------+
Data are presented as n (%).
 
file /tmp/St00011.00000g saved
file ./output/tables/baseline_table_strata2021.csv saved

. 
. * Close log file 
. log close
      name:  <unnamed>
       log:  /workspace/logs/table1_descriptives.log
  log type:  text
 closed on:   7 Jun 2022, 13:14:44
-------------------------------------------------------------------------------
